✅ Environment variables exported for ARGO
INFO:__main__:Using Alpaca API: https://paper-api.alpaca.markets
WARNING:__main__:⚠️ Clock API error (attempt 1/3): ConnectionError
INFO:__main__:⏳ Retrying in 5s...
WARNING:__main__:⚠️ Clock API error (attempt 1/3): ConnectionError
INFO:__main__:⏳ Retrying in 5s...
WARNING:__main__:⚠️ Clock API error (attempt 1/3): ConnectionError
INFO:__main__:⏳ Retrying in 5s...
🚀 Market OPEN at 2025-10-29 14:15:34.569098+00:00 - Starting all systems...
✅ All trading systems launched
🛑 Market CLOSED at 2025-10-29 20:00:21.980516+00:00 - Systems continue in background
🛑 Market CLOSED at 2025-10-29 20:00:52.176760+00:00 - Systems continue in background
🛑 Market CLOSED at 2025-10-29 20:01:22.264651+00:00 - Systems continue in background
🛑 Market CLOSED at 2025-10-29 20:01:52.373251+00:00 - Systems continue in background
🛑 Market CLOSED at 2025-10-29 20:02:22.571743+00:00 - Systems continue in background
🛑 Market CLOSED at 2025-10-29 20:02:52.686102+00:00 - Systems continue in background
🛑 Market CLOSED at 2025-10-29 20:03:22.852263+00:00 - Systems continue in background
🛑 Market CLOSED at 2025-10-29 20:03:52.975233+00:00 - Systems continue in background
🛑 Market CLOSED at 2025-10-29 20:04:23.084806+00:00 - Systems continue in background
🛑 Market CLOSED at 2025-10-29 20:04:53.213493+00:00 - Systems continue in background
🛑 Market CLOSED at 2025-10-29 20:05:23.332986+00:00 - Systems continue in background
🛑 Market CLOSED at 2025-10-29 20:05:53.462986+00:00 - Systems continue in background
🛑 Market CLOSED at 2025-10-29 20:06:23.577123+00:00 - Systems continue in background
🛑 Market CLOSED at 2025-10-29 20:06:53.731031+00:00 - Systems continue in background
🛑 Market CLOSED at 2025-10-29 20:07:23.851597+00:00 - Systems continue in background
🛑 Market CLOSED at 2025-10-29 20:07:53.976254+00:00 - Systems continue in background
🛑 Market CLOSED at 2025-10-29 20:08:24.089063+00:00 - Systems continue in background
🛑 Market CLOSED at 2025-10-29 20:08:54.213895+00:00 - Systems continue in background
🛑 Market CLOSED at 2025-10-29 20:09:24.322189+00:00 - Systems continue in background
🛑 Market CLOSED at 2025-10-29 20:09:54.450370+00:00 - Systems continue in background
🛑 Market CLOSED at 2025-10-29 20:10:24.569645+00:00 - Systems continue in background
🛑 Market CLOSED at 2025-10-29 20:10:54.689226+00:00 - Systems continue in background
🛑 Market CLOSED at 2025-10-29 20:11:24.780847+00:00 - Systems continue in background
🛑 Market CLOSED at 2025-10-29 20:11:54.954046+00:00 - Systems continue in background
🛑 Market CLOSED at 2025-10-29 20:12:25.053663+00:00 - Systems continue in background
🛑 Market CLOSED at 2025-10-29 20:12:55.491956+00:00 - Systems continue in background
🛑 Market CLOSED at 2025-10-29 20:13:25.611675+00:00 - Systems continue in background
🛑 Market CLOSED at 2025-10-29 20:13:55.729602+00:00 - Systems continue in background
🛑 Market CLOSED at 2025-10-29 20:14:25.844359+00:00 - Systems continue in background
🛑 Market CLOSED at 2025-10-29 20:14:55.979386+00:00 - Systems continue in background
🛑 Market CLOSED at 2025-10-29 20:15:26.287299+00:00 - Systems continue in background
🛑 Market CLOSED at 2025-10-29 20:15:56.400741+00:00 - Systems continue in background
🛑 Market CLOSED at 2025-10-29 20:16:26.531861+00:00 - Systems continue in background
🛑 Market CLOSED at 2025-10-29 20:16:56.669598+00:00 - Systems continue in background
🛑 Market CLOSED at 2025-10-29 20:17:26.798391+00:00 - Systems continue in background
🛑 Market CLOSED at 2025-10-29 20:17:56.935853+00:00 - Systems continue in background
🛑 Market CLOSED at 2025-10-29 20:18:27.041843+00:00 - Systems continue in background
🛑 Market CLOSED at 2025-10-29 20:18:57.275975+00:00 - Systems continue in background
🛑 Market CLOSED at 2025-10-29 20:19:27.615575+00:00 - Systems continue in background
🛑 Market CLOSED at 2025-10-29 20:19:57.769119+00:00 - Systems continue in background
🛑 Market CLOSED at 2025-10-29 20:20:28.078975+00:00 - Systems continue in background
🛑 Market CLOSED at 2025-10-29 20:20:58.229341+00:00 - Systems continue in background
🛑 Market CLOSED at 2025-10-29 20:21:28.386043+00:00 - Systems continue in background
🛑 Market CLOSED at 2025-10-29 20:21:58.542717+00:00 - Systems continue in background
🛑 Market CLOSED at 2025-10-29 20:22:28.756016+00:00 - Systems continue in background
🛑 Market CLOSED at 2025-10-29 20:22:59.007898+00:00 - Systems continue in background
🛑 Market CLOSED at 2025-10-29 20:23:29.400409+00:00 - Systems continue in background
🛑 Market CLOSED at 2025-10-29 20:23:59.558838+00:00 - Systems continue in background
🛑 Market CLOSED at 2025-10-29 20:24:29.689635+00:00 - Systems continue in background
🛑 Market CLOSED at 2025-10-29 20:24:59.842227+00:00 - Systems continue in background
🛑 Market CLOSED at 2025-10-29 20:25:30.174853+00:00 - Systems continue in background
🛑 Market CLOSED at 2025-10-29 20:26:01.224012+00:00 - Systems continue in background
🛑 Market CLOSED at 2025-10-29 20:26:31.389658+00:00 - Systems continue in background
🛑 Market CLOSED at 2025-10-29 20:27:01.521597+00:00 - Systems continue in background
🛑 Market CLOSED at 2025-10-29 20:27:31.648611+00:00 - Systems continue in background
🛑 Market CLOSED at 2025-10-29 20:28:01.767091+00:00 - Systems continue in background
🛑 Market CLOSED at 2025-10-29 20:28:31.901804+00:00 - Systems continue in background
🛑 Market CLOSED at 2025-10-29 20:29:02.022610+00:00 - Systems continue in background
🛑 Market CLOSED at 2025-10-29 20:29:32.129676+00:00 - Systems continue in background
🛑 Market CLOSED at 2025-10-29 20:30:02.252564+00:00 - Systems continue in background
🛑 Market CLOSED at 2025-10-29 20:30:32.405837+00:00 - Systems continue in background
🛑 Market CLOSED at 2025-10-29 20:31:02.564400+00:00 - Systems continue in background
🛑 Market CLOSED at 2025-10-29 20:31:32.740276+00:00 - Systems continue in background
🛑 Market CLOSED at 2025-10-29 20:32:02.900809+00:00 - Systems continue in background
🛑 Market CLOSED at 2025-10-29 20:32:33.067195+00:00 - Systems continue in background
🛑 Market CLOSED at 2025-10-29 20:33:03.212091+00:00 - Systems continue in background
🛑 Market CLOSED at 2025-10-29 20:33:33.397636+00:00 - Systems continue in background
🛑 Market CLOSED at 2025-10-29 20:34:03.525894+00:00 - Systems continue in background
🛑 Market CLOSED at 2025-10-29 20:34:33.649593+00:00 - Systems continue in background
🛑 Market CLOSED at 2025-10-29 20:35:03.809255+00:00 - Systems continue in background
🛑 Market CLOSED at 2025-10-29 20:35:34.612710+00:00 - Systems continue in background
🛑 Market CLOSED at 2025-10-29 20:36:04.763225+00:00 - Systems continue in background
🛑 Market CLOSED at 2025-10-29 20:36:34.883876+00:00 - Systems continue in background
🛑 Market CLOSED at 2025-10-29 20:37:05.013743+00:00 - Systems continue in background
🛑 Market CLOSED at 2025-10-29 20:37:35.146514+00:00 - Systems continue in background
🛑 Market CLOSED at 2025-10-29 20:38:05.312385+00:00 - Systems continue in background
🛑 Market CLOSED at 2025-10-29 20:38:35.408715+00:00 - Systems continue in background
🛑 Market CLOSED at 2025-10-29 20:39:05.540808+00:00 - Systems continue in background
🛑 Market CLOSED at 2025-10-29 20:39:35.643047+00:00 - Systems continue in background
🛑 Market CLOSED at 2025-10-29 20:40:05.758433+00:00 - Systems continue in background
🛑 Market CLOSED at 2025-10-29 20:40:35.901208+00:00 - Systems continue in background
🛑 Market CLOSED at 2025-10-29 20:41:06.050419+00:00 - Systems continue in background
🛑 Market CLOSED at 2025-10-29 20:41:36.250411+00:00 - Systems continue in background
🛑 Market CLOSED at 2025-10-29 20:42:06.377221+00:00 - Systems continue in background
🛑 Market CLOSED at 2025-10-29 20:42:36.532014+00:00 - Systems continue in background
🛑 Market CLOSED at 2025-10-29 20:43:06.706026+00:00 - Systems continue in background
🛑 Market CLOSED at 2025-10-29 20:43:36.826774+00:00 - Systems continue in background
🛑 Market CLOSED at 2025-10-29 20:44:06.955730+00:00 - Systems continue in background
🛑 Market CLOSED at 2025-10-29 20:44:37.098397+00:00 - Systems continue in background
🛑 Market CLOSED at 2025-10-29 20:45:07.209386+00:00 - Systems continue in background
🛑 Market CLOSED at 2025-10-29 20:45:37.343811+00:00 - Systems continue in background
🛑 Market CLOSED at 2025-10-29 20:46:07.474029+00:00 - Systems continue in background
🛑 Market CLOSED at 2025-10-29 20:46:37.609769+00:00 - Systems continue in background
🛑 Market CLOSED at 2025-10-29 20:47:07.961586+00:00 - Systems continue in background
🛑 Market CLOSED at 2025-10-29 20:47:38.139463+00:00 - Systems continue in background
🛑 Market CLOSED at 2025-10-29 20:48:08.277435+00:00 - Systems continue in background
🛑 Market CLOSED at 2025-10-29 20:48:38.896426+00:00 - Systems continue in background
🛑 Market CLOSED at 2025-10-29 20:49:09.199950+00:00 - Systems continue in background
🛑 Market CLOSED at 2025-10-29 20:49:39.605960+00:00 - Systems continue in background
🛑 Market CLOSED at 2025-10-29 20:50:09.824583+00:00 - Systems continue in background
🛑 Market CLOSED at 2025-10-29 20:50:40.240800+00:00 - Systems continue in background
🛑 Market CLOSED at 2025-10-29 20:51:10.408284+00:00 - Systems continue in background
🛑 Market CLOSED at 2025-10-29 20:51:40.939361+00:00 - Systems continue in background
🛑 Market CLOSED at 2025-10-29 20:52:11.376656+00:00 - Systems continue in background
🛑 Market CLOSED at 2025-10-29 20:52:41.647894+00:00 - Systems continue in background
🛑 Market CLOSED at 2025-10-29 20:53:11.788859+00:00 - Systems continue in background
🛑 Market CLOSED at 2025-10-29 20:53:41.909519+00:00 - Systems continue in background
🛑 Market CLOSED at 2025-10-29 20:54:12.169896+00:00 - Systems continue in background
🛑 Market CLOSED at 2025-10-29 20:54:42.323353+00:00 - Systems continue in background
🛑 Market CLOSED at 2025-10-29 20:55:12.486835+00:00 - Systems continue in background
🛑 Market CLOSED at 2025-10-29 20:55:42.676080+00:00 - Systems continue in background
🛑 Market CLOSED at 2025-10-29 20:56:12.932883+00:00 - Systems continue in background
🛑 Market CLOSED at 2025-10-29 20:56:43.178304+00:00 - Systems continue in background
🛑 Market CLOSED at 2025-10-29 20:57:13.847535+00:00 - Systems continue in background
🛑 Market CLOSED at 2025-10-29 20:57:44.475538+00:00 - Systems continue in background
🛑 Market CLOSED at 2025-10-29 20:58:14.685206+00:00 - Systems continue in background
🛑 Market CLOSED at 2025-10-29 20:58:45.146619+00:00 - Systems continue in background
🛑 Market CLOSED at 2025-10-29 20:59:16.298469+00:00 - Systems continue in background
🛑 Market CLOSED at 2025-10-29 20:59:46.803674+00:00 - Systems continue in background
🛑 Market CLOSED at 2025-10-29 21:00:17.061442+00:00 - Systems continue in background
🛑 Market CLOSED at 2025-10-29 21:00:48.036326+00:00 - Systems continue in background
🛑 Market CLOSED at 2025-10-29 21:01:18.485886+00:00 - Systems continue in background
🛑 Market CLOSED at 2025-10-29 21:01:48.869164+00:00 - Systems continue in background
🛑 Market CLOSED at 2025-10-29 21:02:19.272196+00:00 - Systems continue in background
🛑 Market CLOSED at 2025-10-29 21:02:49.395190+00:00 - Systems continue in background
🛑 Market CLOSED at 2025-10-29 21:03:19.632254+00:00 - Systems continue in background
🛑 Market CLOSED at 2025-10-29 21:03:50.264150+00:00 - Systems continue in background
🛑 Market CLOSED at 2025-10-29 21:04:20.753191+00:00 - Systems continue in background
🛑 Market CLOSED at 2025-10-29 21:04:51.143260+00:00 - Systems continue in background
🛑 Market CLOSED at 2025-10-29 21:05:21.467083+00:00 - Systems continue in background
🛑 Market CLOSED at 2025-10-29 21:05:52.169001+00:00 - Systems continue in background
🛑 Market CLOSED at 2025-10-29 21:06:22.365363+00:00 - Systems continue in background
🛑 Market CLOSED at 2025-10-29 21:06:52.723169+00:00 - Systems continue in background
🛑 Market CLOSED at 2025-10-29 21:07:23.090991+00:00 - Systems continue in background
🛑 Market CLOSED at 2025-10-29 21:07:53.385173+00:00 - Systems continue in background
🛑 Market CLOSED at 2025-10-29 21:08:23.612067+00:00 - Systems continue in background
🛑 Market CLOSED at 2025-10-29 21:08:54.232999+00:00 - Systems continue in background
🛑 Market CLOSED at 2025-10-29 21:09:24.818314+00:00 - Systems continue in background
🛑 Market CLOSED at 2025-10-29 21:09:55.151997+00:00 - Systems continue in background
🛑 Market CLOSED at 2025-10-29 21:10:25.726789+00:00 - Systems continue in background
🛑 Market CLOSED at 2025-10-29 21:10:55.873989+00:00 - Systems continue in background
🛑 Market CLOSED at 2025-10-29 21:11:26.105690+00:00 - Systems continue in background
🛑 Market CLOSED at 2025-10-29 21:11:56.367306+00:00 - Systems continue in background
🛑 Market CLOSED at 2025-10-29 21:12:26.838575+00:00 - Systems continue in background
🛑 Market CLOSED at 2025-10-29 21:12:57.086090+00:00 - Systems continue in background
🛑 Market CLOSED at 2025-10-29 21:13:27.454481+00:00 - Systems continue in background
🛑 Market CLOSED at 2025-10-29 21:13:57.735611+00:00 - Systems continue in background
🛑 Market CLOSED at 2025-10-29 21:14:28.076529+00:00 - Systems continue in background
🛑 Market CLOSED at 2025-10-29 21:14:58.380969+00:00 - Systems continue in background
🛑 Market CLOSED at 2025-10-29 21:15:28.709852+00:00 - Systems continue in background
🛑 Market CLOSED at 2025-10-29 21:15:59.322867+00:00 - Systems continue in background
🛑 Market CLOSED at 2025-10-29 21:16:30.182008+00:00 - Systems continue in background
🛑 Market CLOSED at 2025-10-29 21:17:00.922433+00:00 - Systems continue in background
🛑 Market CLOSED at 2025-10-29 21:17:31.422384+00:00 - Systems continue in background
🛑 Market CLOSED at 2025-10-29 21:18:01.727568+00:00 - Systems continue in background
🛑 Market CLOSED at 2025-10-29 21:18:32.809513+00:00 - Systems continue in background
🛑 Market CLOSED at 2025-10-29 21:19:03.644706+00:00 - Systems continue in background
🛑 Market CLOSED at 2025-10-29 21:19:33.968841+00:00 - Systems continue in background
🛑 Market CLOSED at 2025-10-29 21:20:04.269710+00:00 - Systems continue in background
🛑 Market CLOSED at 2025-10-29 21:20:34.406812+00:00 - Systems continue in background
🛑 Market CLOSED at 2025-10-29 21:21:04.702505+00:00 - Systems continue in background
🛑 Market CLOSED at 2025-10-29 21:21:34.858945+00:00 - Systems continue in background
🛑 Market CLOSED at 2025-10-29 21:22:05.172265+00:00 - Systems continue in background
🛑 Market CLOSED at 2025-10-29 21:22:35.686115+00:00 - Systems continue in background
🛑 Market CLOSED at 2025-10-29 21:23:06.587324+00:00 - Systems continue in background
🛑 Market CLOSED at 2025-10-29 21:23:37.799085+00:00 - Systems continue in background
🛑 Market CLOSED at 2025-10-29 21:24:08.059491+00:00 - Systems continue in background
🛑 Market CLOSED at 2025-10-29 21:24:38.303744+00:00 - Systems continue in background
🛑 Market CLOSED at 2025-10-29 21:25:08.469222+00:00 - Systems continue in background
🛑 Market CLOSED at 2025-10-29 21:25:38.924493+00:00 - Systems continue in background
🛑 Market CLOSED at 2025-10-29 21:26:09.081632+00:00 - Systems continue in background
🛑 Market CLOSED at 2025-10-29 21:26:40.794864+00:00 - Systems continue in background
🛑 Market CLOSED at 2025-10-29 21:27:10.971146+00:00 - Systems continue in background
🛑 Market CLOSED at 2025-10-29 21:27:41.311332+00:00 - Systems continue in background
🛑 Market CLOSED at 2025-10-29 21:28:11.849911+00:00 - Systems continue in background
🛑 Market CLOSED at 2025-10-29 21:28:41.972085+00:00 - Systems continue in background
🛑 Market CLOSED at 2025-10-29 21:29:12.510623+00:00 - Systems continue in background
🛑 Market CLOSED at 2025-10-29 21:29:44.078118+00:00 - Systems continue in background
🛑 Market CLOSED at 2025-10-29 21:30:15.047087+00:00 - Systems continue in background
🛑 Market CLOSED at 2025-10-29 21:30:45.487376+00:00 - Systems continue in background
🛑 Market CLOSED at 2025-10-29 21:31:15.705787+00:00 - Systems continue in background
🛑 Market CLOSED at 2025-10-29 21:31:46.247059+00:00 - Systems continue in background
🛑 Market CLOSED at 2025-10-29 21:32:16.749689+00:00 - Systems continue in background
🛑 Market CLOSED at 2025-10-29 21:32:47.283633+00:00 - Systems continue in background
🛑 Market CLOSED at 2025-10-29 21:33:17.736685+00:00 - Systems continue in background
🛑 Market CLOSED at 2025-10-29 21:33:49.406561+00:00 - Systems continue in backgroundWARNING:__main__:⚠️ Clock API error (attempt 1/3): ConnectionError
INFO:__main__:⏳ Retrying in 5s...
WARNING:__main__:⚠️ Clock API error (attempt 1/3): ConnectionError
INFO:__main__:⏳ Retrying in 5s...
WARNING:__main__:⚠️ Clock API error (attempt 1/3): ConnectionError
INFO:__main__:⏳ Retrying in 5s...
WARNING:__main__:⚠️ Clock API error (attempt 2/3): ConnectionError
INFO:__main__:⏳ Retrying in 10s...
ERROR:__main__:❌ Failed to get clock after 3 attempts
ERROR:__main__:❌ Unexpected error reaching Alpaca API, retrying in 60s: HTTPSConnectionPool(host='paper-api.alpaca.markets', port=443): Max retries exceeded with url: /v2/clock (Caused by NewConnectionError('<urllib3.connection.HTTPSConnection object at 0x11c34ca90>: Failed to establish a new connection: [Errno 8] nodename nor servname provided, or not known'))

🛑 Market CLOSED at 2025-10-29 21:34:19.541452+00:00 - Systems continue in background
🛑 Market CLOSED at 2025-10-29 21:34:50.063602+00:00 - Systems continue in background
🛑 Market CLOSED at 2025-10-29 21:35:20.411953+00:00 - Systems continue in background
🛑 Market CLOSED at 2025-10-29 21:35:51.048401+00:00 - Systems continue in background
🛑 Market CLOSED at 2025-10-29 21:36:21.515286+00:00 - Systems continue in background
🛑 Market CLOSED at 2025-10-29 21:36:51.700434+00:00 - Systems continue in background
🛑 Market CLOSED at 2025-10-29 21:37:21.861030+00:00 - Systems continue in background
🛑 Market CLOSED at 2025-10-29 21:37:51.971741+00:00 - Systems continue in background
🛑 Market CLOSED at 2025-10-29 21:38:22.237072+00:00 - Systems continue in background
🛑 Market CLOSED at 2025-10-29 21:38:52.408114+00:00 - Systems continue in background
🛑 Market CLOSED at 2025-10-29 21:39:22.669701+00:00 - Systems continue in background
🛑 Market CLOSED at 2025-10-29 21:39:53.132969+00:00 - Systems continue in background
🛑 Market CLOSED at 2025-10-29 21:40:23.473848+00:00 - Systems continue in background
🛑 Market CLOSED at 2025-10-29 21:40:54.235779+00:00 - Systems continue in background
🛑 Market CLOSED at 2025-10-29 21:41:24.650615+00:00 - Systems continue in background
🛑 Market CLOSED at 2025-10-29 21:41:55.093604+00:00 - Systems continue in background
🛑 Market CLOSED at 2025-10-29 21:42:26.134664+00:00 - Systems continue in background
🛑 Market CLOSED at 2025-10-29 21:42:56.598929+00:00 - Systems continue in background
🛑 Market CLOSED at 2025-10-29 21:43:27.086661+00:00 - Systems continue in background
🛑 Market CLOSED at 2025-10-29 21:43:57.301173+00:00 - Systems continue in background
🛑 Market CLOSED at 2025-10-29 21:44:27.708063+00:00 - Systems continue in background
🛑 Market CLOSED at 2025-10-29 21:44:58.847291+00:00 - Systems continue in background
🛑 Market CLOSED at 2025-10-29 21:45:29.238144+00:00 - Systems continue in background
🛑 Market CLOSED at 2025-10-29 21:45:59.545330+00:00 - Systems continue in background
🛑 Market CLOSED at 2025-10-29 21:46:29.677748+00:00 - Systems continue in background
🛑 Market CLOSED at 2025-10-29 21:47:00.196024+00:00 - Systems continue in background
🛑 Market CLOSED at 2025-10-29 21:47:30.794576+00:00 - Systems continue in background
🛑 Market CLOSED at 2025-10-29 21:48:01.084681+00:00 - Systems continue in background
🛑 Market CLOSED at 2025-10-29 21:48:31.553191+00:00 - Systems continue in background
🛑 Market CLOSED at 2025-10-29 21:49:01.730548+00:00 - Systems continue in background
🛑 Market CLOSED at 2025-10-29 21:49:31.977086+00:00 - Systems continue in background
🛑 Market CLOSED at 2025-10-29 21:50:02.544962+00:00 - Systems continue in background
🛑 Market CLOSED at 2025-10-29 21:50:33.085629+00:00 - Systems continue in background
🛑 Market CLOSED at 2025-10-29 21:51:03.267190+00:00 - Systems continue in background
🛑 Market CLOSED at 2025-10-29 21:51:33.446667+00:00 - Systems continue in background
🛑 Market CLOSED at 2025-10-29 21:52:03.605128+00:00 - Systems continue in background
🛑 Market CLOSED at 2025-10-29 21:52:33.746132+00:00 - Systems continue in background
🛑 Market CLOSED at 2025-10-29 21:53:04.188184+00:00 - Systems continue in background
🛑 Market CLOSED at 2025-10-29 21:53:35.593217+00:00 - Systems continue in background
🛑 Market CLOSED at 2025-10-29 22:20:02.216894+00:00 - Systems continue in background
🛑 Market CLOSED at 2025-10-29 22:44:42.390107+00:00 - Systems continue in background
🛑 Market CLOSED at 2025-10-29 22:45:13.036858+00:00 - Systems continue in background
🛑 Market CLOSED at 2025-10-29 22:45:43.282204+00:00 - Systems continue in background
🛑 Market CLOSED at 2025-10-29 22:46:14.185416+00:00 - Systems continue in background
🛑 Market CLOSED at 2025-10-29 22:46:44.583124+00:00 - Systems continue in background
🛑 Market CLOSED at 2025-10-29 22:47:15.225013+00:00 - Systems continue in background
🛑 Market CLOSED at 2025-10-29 22:47:45.845383+00:00 - Systems continue in background
🛑 Market CLOSED at 2025-10-29 22:48:16.069919+00:00 - Systems continue in background
🛑 Market CLOSED at 2025-10-29 22:48:46.214300+00:00 - Systems continue in background
🛑 Market CLOSED at 2025-10-29 22:49:16.317777+00:00 - Systems continue in background
🛑 Market CLOSED at 2025-10-29 22:49:46.432891+00:00 - Systems continue in background
🛑 Market CLOSED at 2025-10-29 22:50:17.043966+00:00 - Systems continue in background
🛑 Market CLOSED at 2025-10-29 22:50:47.166741+00:00 - Systems continue in background
🛑 Market CLOSED at 2025-10-29 22:51:17.879443+00:00 - Systems continue in background
🛑 Market CLOSED at 2025-10-29 23:46:22.890401+00:00 - Systems continue in background
🛑 Market CLOSED at 2025-10-29 23:46:52.961717+00:00 - Systems continue in background
🛑 Market CLOSED at 2025-10-29 23:47:23.039110+00:00 - Systems continue in background
🛑 Market CLOSED at 2025-10-29 23:47:53.098206+00:00 - Systems continue in background
🛑 Market CLOSED at 2025-10-29 23:48:23.159017+00:00 - Systems continue in background
🛑 Market CLOSED at 2025-10-29 23:48:53.211381+00:00 - Systems continue in background
🛑 Market CLOSED at 2025-10-29 23:49:23.266643+00:00 - Systems continue in background
🛑 Market CLOSED at 2025-10-29 23:49:53.330536+00:00 - Systems continue in background
🛑 Market CLOSED at 2025-10-29 23:50:23.388898+00:00 - Systems continue in background
🛑 Market CLOSED at 2025-10-29 23:50:53.447206+00:00 - Systems continue in background
🛑 Market CLOSED at 2025-10-29 23:51:23.517454+00:00 - Systems continue in background
🛑 Market CLOSED at 2025-10-29 23:51:53.578103+00:00 - Systems continue in background
🛑 Market CLOSED at 2025-10-29 23:52:23.630008+00:00 - Systems continue in background
🛑 Market CLOSED at 2025-10-29 23:52:53.687746+00:00 - Systems continue in background
🛑 Market CLOSED at 2025-10-29 23:53:23.803535+00:00 - Systems continue in background
🛑 Market CLOSED at 2025-10-29 23:53:53.865851+00:00 - Systems continue in background
🛑 Market CLOSED at 2025-10-29 23:54:23.932192+00:00 - Systems continue in background
🛑 Market CLOSED at 2025-10-29 23:54:53.987741+00:00 - Systems continue in background
🛑 Market CLOSED at 2025-10-29 23:55:24.042186+00:00 - Systems continue in background
🛑 Market CLOSED at 2025-10-29 23:55:54.098921+00:00 - Systems continue in background
🛑 Market CLOSED at 2025-10-29 23:56:24.159485+00:00 - Systems continue in background
🛑 Market CLOSED at 2025-10-29 23:56:54.270263+00:00 - Systems continue in background
🛑 Market CLOSED at 2025-10-29 23:57:24.327348+00:00 - Systems continue in background
🛑 Market CLOSED at 2025-10-29 23:57:54.397224+00:00 - Systems continue in background
🛑 Market CLOSED at 2025-10-29 23:58:24.462272+00:00 - Systems continue in background
🛑 Market CLOSED at 2025-10-29 23:58:54.533483+00:00 - Systems continue in background
🛑 Market CLOSED at 2025-10-29 23:59:24.601361+00:00 - Systems continue in background
🛑 Market CLOSED at 2025-10-29 23:59:54.672332+00:00 - Systems continue in background
🛑 Market CLOSED at 2025-10-30 00:00:24.732740+00:00 - Systems continue in background
🛑 Market CLOSED at 2025-10-30 00:00:54.788170+00:00 - Systems continue in background
🛑 Market CLOSED at 2025-10-30 00:01:24.850825+00:00 - Systems continue in background
🛑 Market CLOSED at 2025-10-30 00:01:54.910671+00:00 - Systems continue in background
🛑 Market CLOSED at 2025-10-30 00:02:24.966714+00:00 - Systems continue in background
🛑 Market CLOSED at 2025-10-30 00:02:55.034180+00:00 - Systems continue in background
🛑 Market CLOSED at 2025-10-30 00:03:25.117148+00:00 - Systems continue in background
🛑 Market CLOSED at 2025-10-30 00:03:55.184671+00:00 - Systems continue in background
🛑 Market CLOSED at 2025-10-30 00:04:25.239172+00:00 - Systems continue in background
🛑 Market CLOSED at 2025-10-30 00:04:55.305705+00:00 - Systems continue in background
🛑 Market CLOSED at 2025-10-30 00:05:25.365506+00:00 - Systems continue in background
🛑 Market CLOSED at 2025-10-30 00:05:55.429640+00:00 - Systems continue in background
🛑 Market CLOSED at 2025-10-30 00:06:25.494288+00:00 - Systems continue in background
🛑 Market CLOSED at 2025-10-30 00:06:55.571003+00:00 - Systems continue in background
🛑 Market CLOSED at 2025-10-30 00:07:25.646079+00:00 - Systems continue in background
🛑 Market CLOSED at 2025-10-30 00:07:55.714730+00:00 - Systems continue in background
🛑 Market CLOSED at 2025-10-30 00:08:25.767157+00:00 - Systems continue in background
🛑 Market CLOSED at 2025-10-30 00:08:55.870705+00:00 - Systems continue in background
🛑 Market CLOSED at 2025-10-30 00:09:25.930205+00:00 - Systems continue in background
🛑 Market CLOSED at 2025-10-30 00:09:56.003982+00:00 - Systems continue in background
🛑 Market CLOSED at 2025-10-30 00:10:26.069084+00:00 - Systems continue in background
🛑 Market CLOSED at 2025-10-30 00:10:56.128707+00:00 - Systems continue in background
🛑 Market CLOSED at 2025-10-30 00:11:26.182295+00:00 - Systems continue in background
🛑 Market CLOSED at 2025-10-30 00:11:56.244719+00:00 - Systems continue in background
🛑 Market CLOSED at 2025-10-30 00:12:26.303780+00:00 - Systems continue in background
🛑 Market CLOSED at 2025-10-30 00:12:56.361845+00:00 - Systems continue in background
🛑 Market CLOSED at 2025-10-30 00:13:26.417407+00:00 - Systems continue in background
🛑 Market CLOSED at 2025-10-30 00:13:56.473581+00:00 - Systems continue in background
🛑 Market CLOSED at 2025-10-30 00:14:26.536168+00:00 - Systems continue in background
🛑 Market CLOSED at 2025-10-30 00:14:56.602201+00:00 - Systems continue in background
🛑 Market CLOSED at 2025-10-30 00:15:26.660555+00:00 - Systems continue in background
🛑 Market CLOSED at 2025-10-30 00:15:56.731143+00:00 - Systems continue in background
🛑 Market CLOSED at 2025-10-30 00:16:26.786008+00:00 - Systems continue in background
🛑 Market CLOSED at 2025-10-30 00:16:56.839763+00:00 - Systems continue in background
🛑 Market CLOSED at 2025-10-30 00:17:26.900224+00:00 - Systems continue in background
🛑 Market CLOSED at 2025-10-30 00:17:56.965078+00:00 - Systems continue in background
🛑 Market CLOSED at 2025-10-30 00:18:27.027074+00:00 - Systems continue in background
🛑 Market CLOSED at 2025-10-30 00:18:57.086988+00:00 - Systems continue in background
🛑 Market CLOSED at 2025-10-30 00:19:27.150559+00:00 - Systems continue in background
🛑 Market CLOSED at 2025-10-30 00:19:57.211126+00:00 - Systems continue in background
🛑 Market CLOSED at 2025-10-30 00:20:27.273884+00:00 - Systems continue in background
🛑 Market CLOSED at 2025-10-30 00:20:57.331449+00:00 - Systems continue in background
🛑 Market CLOSED at 2025-10-30 00:21:27.394922+00:00 - Systems continue in background
🛑 Market CLOSED at 2025-10-30 00:21:57.463193+00:00 - Systems continue in background
🛑 Market CLOSED at 2025-10-30 00:22:27.535128+00:00 - Systems continue in background
🛑 Market CLOSED at 2025-10-30 00:22:57.590440+00:00 - Systems continue in background
🛑 Market CLOSED at 2025-10-30 00:23:27.647553+00:00 - Systems continue in background
🛑 Market CLOSED at 2025-10-30 00:23:57.702057+00:00 - Systems continue in background
🛑 Market CLOSED at 2025-10-30 00:24:27.765865+00:00 - Systems continue in background
🛑 Market CLOSED at 2025-10-30 00:24:57.838453+00:00 - Systems continue in background
🛑 Market CLOSED at 2025-10-30 00:25:27.900465+00:00 - Systems continue in background
🛑 Market CLOSED at 2025-10-30 00:25:57.969088+00:00 - Systems continue in background
🛑 Market CLOSED at 2025-10-30 00:26:28.099108+00:00 - Systems continue in background
🛑 Market CLOSED at 2025-10-30 00:26:58.167365+00:00 - Systems continue in background
🛑 Market CLOSED at 2025-10-30 00:27:28.228046+00:00 - Systems continue in background
🛑 Market CLOSED at 2025-10-30 00:27:58.288145+00:00 - Systems continue in background
🛑 Market CLOSED at 2025-10-30 00:28:28.356114+00:00 - Systems continue in background
🛑 Market CLOSED at 2025-10-30 00:28:58.423925+00:00 - Systems continue in background
🛑 Market CLOSED at 2025-10-30 00:29:28.486612+00:00 - Systems continue in background
🛑 Market CLOSED at 2025-10-30 00:29:58.552478+00:00 - Systems continue in background
🛑 Market CLOSED at 2025-10-30 00:30:28.615496+00:00 - Systems continue in background
🛑 Market CLOSED at 2025-10-30 00:30:58.679533+00:00 - Systems continue in background
🛑 Market CLOSED at 2025-10-30 00:31:28.774561+00:00 - Systems continue in background
🛑 Market CLOSED at 2025-10-30 00:31:58.836103+00:00 - Systems continue in background
🛑 Market CLOSED at 2025-10-30 00:32:28.897067+00:00 - Systems continue in background
🛑 Market CLOSED at 2025-10-30 00:32:58.972461+00:00 - Systems continue in background
🛑 Market CLOSED at 2025-10-30 00:33:29.034932+00:00 - Systems continue in background
🛑 Market CLOSED at 2025-10-30 00:33:59.107064+00:00 - Systems continue in background
🛑 Market CLOSED at 2025-10-30 00:34:29.170923+00:00 - Systems continue in background
🛑 Market CLOSED at 2025-10-30 00:34:59.239603+00:00 - Systems continue in background
🛑 Market CLOSED at 2025-10-30 00:35:29.298936+00:00 - Systems continue in background
🛑 Market CLOSED at 2025-10-30 00:35:59.351437+00:00 - Systems continue in background
🛑 Market CLOSED at 2025-10-30 00:36:29.425546+00:00 - Systems continue in background
🛑 Market CLOSED at 2025-10-30 00:36:59.487555+00:00 - Systems continue in background
🛑 Market CLOSED at 2025-10-30 00:37:29.547395+00:00 - Systems continue in background
🛑 Market CLOSED at 2025-10-30 00:37:59.605952+00:00 - Systems continue in background
🛑 Market CLOSED at 2025-10-30 00:38:29.667851+00:00 - Systems continue in background
🛑 Market CLOSED at 2025-10-30 00:38:59.737501+00:00 - Systems continue in background
🛑 Market CLOSED at 2025-10-30 00:39:29.797400+00:00 - Systems continue in background
🛑 Market CLOSED at 2025-10-30 00:39:59.862002+00:00 - Systems continue in background
🛑 Market CLOSED at 2025-10-30 00:40:29.930430+00:00 - Systems continue in background
🛑 Market CLOSED at 2025-10-30 00:40:59.991875+00:00 - Systems continue in background
🛑 Market CLOSED at 2025-10-30 00:41:30.052219+00:00 - Systems continue in background
🛑 Market CLOSED at 2025-10-30 00:42:00.123787+00:00 - Systems continue in background
🛑 Market CLOSED at 2025-10-30 00:42:30.190365+00:00 - Systems continue in background
🛑 Market CLOSED at 2025-10-30 00:43:00.257793+00:00 - Systems continue in background
🛑 Market CLOSED at 2025-10-30 00:43:30.334563+00:00 - Systems continue in background
🛑 Market CLOSED at 2025-10-30 00:44:00.397518+00:00 - Systems continue in background
🛑 Market CLOSED at 2025-10-30 00:44:30.484886+00:00 - Systems continue in background
🛑 Market CLOSED at 2025-10-30 00:45:00.543088+00:00 - Systems continue in background
🛑 Market CLOSED at 2025-10-30 00:45:30.620369+00:00 - Systems continue in background
🛑 Market CLOSED at 2025-10-30 00:46:00.683058+00:00 - Systems continue in background
🛑 Market CLOSED at 2025-10-30 00:46:30.769958+00:00 - Systems continue in background
🛑 Market CLOSED at 2025-10-30 00:47:01.071345+00:00 - Systems continue in background
🛑 Market CLOSED at 2025-10-30 00:47:31.136000+00:00 - Systems continue in background
🛑 Market CLOSED at 2025-10-30 00:48:01.199011+00:00 - Systems continue in background
🛑 Market CLOSED at 2025-10-30 00:48:31.258850+00:00 - Systems continue in background
🛑 Market CLOSED at 2025-10-30 00:49:01.324291+00:00 - Systems continue in background
🛑 Market CLOSED at 2025-10-30 00:49:31.393797+00:00 - Systems continue in background
🛑 Market CLOSED at 2025-10-30 00:50:01.467316+00:00 - Systems continue in background
🛑 Market CLOSED at 2025-10-30 00:50:31.529599+00:00 - Systems continue in background
🛑 Market CLOSED at 2025-10-30 00:51:01.589548+00:00 - Systems continue in background
🛑 Market CLOSED at 2025-10-30 00:51:31.659372+00:00 - Systems continue in background
🛑 Market CLOSED at 2025-10-30 00:52:01.713346+00:00 - Systems continue in background
🛑 Market CLOSED at 2025-10-30 00:52:31.769162+00:00 - Systems continue in background
🛑 Market CLOSED at 2025-10-30 00:53:01.834657+00:00 - Systems continue in background
🛑 Market CLOSED at 2025-10-30 00:53:31.893707+00:00 - Systems continue in background
🛑 Market CLOSED at 2025-10-30 00:54:01.949239+00:00 - Systems continue in background
🛑 Market CLOSED at 2025-10-30 00:54:32.018609+00:00 - Systems continue in background
🛑 Market CLOSED at 2025-10-30 00:55:02.078714+00:00 - Systems continue in background
🛑 Market CLOSED at 2025-10-30 00:55:32.133336+00:00 - Systems continue in background
🛑 Market CLOSED at 2025-10-30 00:56:02.192628+00:00 - Systems continue in background
🛑 Market CLOSED at 2025-10-30 00:56:32.255094+00:00 - Systems continue in background
🛑 Market CLOSED at 2025-10-30 00:57:02.317619+00:00 - Systems continue in background
🛑 Market CLOSED at 2025-10-30 00:57:32.392802+00:00 - Systems continue in background
🛑 Market CLOSED at 2025-10-30 00:58:02.451575+00:00 - Systems continue in background
🛑 Market CLOSED at 2025-10-30 00:58:32.514490+00:00 - Systems continue in background
🛑 Market CLOSED at 2025-10-30 00:59:02.574445+00:00 - Systems continue in background
🛑 Market CLOSED at 2025-10-30 00:59:32.635029+00:00 - Systems continue in background
🛑 Market CLOSED at 2025-10-30 01:00:02.694145+00:00 - Systems continue in background
🛑 Market CLOSED at 2025-10-30 01:00:32.752910+00:00 - Systems continue in background
🛑 Market CLOSED at 2025-10-30 01:01:02.809002+00:00 - Systems continue in background
🛑 Market CLOSED at 2025-10-30 01:01:32.881909+00:00 - Systems continue in background
🛑 Market CLOSED at 2025-10-30 01:02:02.943634+00:00 - Systems continue in background
🛑 Market CLOSED at 2025-10-30 01:02:33.010950+00:00 - Systems continue in background
🛑 Market CLOSED at 2025-10-30 01:03:03.071093+00:00 - Systems continue in background
🛑 Market CLOSED at 2025-10-30 01:03:33.128849+00:00 - Systems continue in background
🛑 Market CLOSED at 2025-10-30 01:04:03.193707+00:00 - Systems continue in background
🛑 Market CLOSED at 2025-10-30 01:04:33.247018+00:00 - Systems continue in background
🛑 Market CLOSED at 2025-10-30 01:05:03.325533+00:00 - Systems continue in background
🛑 Market CLOSED at 2025-10-30 01:05:33.389611+00:00 - Systems continue in background
🛑 Market CLOSED at 2025-10-30 01:06:03.442873+00:00 - Systems continue in background
🛑 Market CLOSED at 2025-10-30 01:06:33.503739+00:00 - Systems continue in background
🛑 Market CLOSED at 2025-10-30 01:07:03.573287+00:00 - Systems continue in background
🛑 Market CLOSED at 2025-10-30 01:07:33.626961+00:00 - Systems continue in background
🛑 Market CLOSED at 2025-10-30 01:08:03.621471+00:00 - Systems continue in background
🛑 Market CLOSED at 2025-10-30 01:08:33.689148+00:00 - Systems continue in background
🛑 Market CLOSED at 2025-10-30 01:09:03.747641+00:00 - Systems continue in background
🛑 Market CLOSED at 2025-10-30 01:09:33.810121+00:00 - Systems continue in background
🛑 Market CLOSED at 2025-10-30 01:10:03.877147+00:00 - Systems continue in background
🛑 Market CLOSED at 2025-10-30 01:10:33.948032+00:00 - Systems continue in background
🛑 Market CLOSED at 2025-10-30 01:11:04.010893+00:00 - Systems continue in background
🛑 Market CLOSED at 2025-10-30 01:11:34.075498+00:00 - Systems continue in background
🛑 Market CLOSED at 2025-10-30 01:12:04.127760+00:00 - Systems continue in background
🛑 Market CLOSED at 2025-10-30 01:12:34.187606+00:00 - Systems continue in background
🛑 Market CLOSED at 2025-10-30 01:13:04.281948+00:00 - Systems continue in background
🛑 Market CLOSED at 2025-10-30 01:13:34.344848+00:00 - Systems continue in background
🛑 Market CLOSED at 2025-10-30 01:14:04.411962+00:00 - Systems continue in background
🛑 Market CLOSED at 2025-10-30 01:14:34.473617+00:00 - Systems continue in background
🛑 Market CLOSED at 2025-10-30 01:15:04.539143+00:00 - Systems continue in background
🛑 Market CLOSED at 2025-10-30 01:15:34.625177+00:00 - Systems continue in background
🛑 Market CLOSED at 2025-10-30 01:16:04.697251+00:00 - Systems continue in background
🛑 Market CLOSED at 2025-10-30 01:16:34.759986+00:00 - Systems continue in background
🛑 Market CLOSED at 2025-10-30 01:17:04.818883+00:00 - Systems continue in background
🛑 Market CLOSED at 2025-10-30 01:17:34.875702+00:00 - Systems continue in background
🛑 Market CLOSED at 2025-10-30 01:18:04.931652+00:00 - Systems continue in background
🛑 Market CLOSED at 2025-10-30 01:18:34.991792+00:00 - Systems continue in background
🛑 Market CLOSED at 2025-10-30 01:19:05.047581+00:00 - Systems continue in background
🛑 Market CLOSED at 2025-10-30 01:19:35.129934+00:00 - Systems continue in background
🛑 Market CLOSED at 2025-10-30 01:20:05.192382+00:00 - Systems continue in background
🛑 Market CLOSED at 2025-10-30 01:20:35.252642+00:00 - Systems continue in background
🛑 Market CLOSED at 2025-10-30 01:21:05.312145+00:00 - Systems continue in background
🛑 Market CLOSED at 2025-10-30 01:21:35.376599+00:00 - Systems continue in background
🛑 Market CLOSED at 2025-10-30 01:22:05.440244+00:00 - Systems continue in background
🛑 Market CLOSED at 2025-10-30 01:22:35.498786+00:00 - Systems continue in background
🛑 Market CLOSED at 2025-10-30 01:23:05.558689+00:00 - Systems continue in background
🛑 Market CLOSED at 2025-10-30 01:23:35.639786+00:00 - Systems continue in background
🛑 Market CLOSED at 2025-10-30 01:24:05.701586+00:00 - Systems continue in background
🛑 Market CLOSED at 2025-10-30 01:24:35.767169+00:00 - Systems continue in background
🛑 Market CLOSED at 2025-10-30 01:25:05.833995+00:00 - Systems continue in background
🛑 Market CLOSED at 2025-10-30 01:25:35.897877+00:00 - Systems continue in background
🛑 Market CLOSED at 2025-10-30 01:26:05.961234+00:00 - Systems continue in background
🛑 Market CLOSED at 2025-10-30 01:26:36.032415+00:00 - Systems continue in background
🛑 Market CLOSED at 2025-10-30 01:27:06.130854+00:00 - Systems continue in background
🛑 Market CLOSED at 2025-10-30 01:27:36.205745+00:00 - Systems continue in background
🛑 Market CLOSED at 2025-10-30 01:28:06.281919+00:00 - Systems continue in background
🛑 Market CLOSED at 2025-10-30 01:28:36.358243+00:00 - Systems continue in background
🛑 Market CLOSED at 2025-10-30 01:29:06.447446+00:00 - Systems continue in background
🛑 Market CLOSED at 2025-10-30 01:29:36.513189+00:00 - Systems continue in background
🛑 Market CLOSED at 2025-10-30 01:30:06.572361+00:00 - Systems continue in background
🛑 Market CLOSED at 2025-10-30 01:30:36.642919+00:00 - Systems continue in background
🛑 Market CLOSED at 2025-10-30 01:31:06.715977+00:00 - Systems continue in background
🛑 Market CLOSED at 2025-10-30 01:31:36.775127+00:00 - Systems continue in background
🛑 Market CLOSED at 2025-10-30 01:32:06.839953+00:00 - Systems continue in background
🛑 Market CLOSED at 2025-10-30 01:32:36.905383+00:00 - Systems continue in background
🛑 Market CLOSED at 2025-10-30 01:33:07.009000+00:00 - Systems continue in background
🛑 Market CLOSED at 2025-10-30 01:33:37.076163+00:00 - Systems continue in background
🛑 Market CLOSED at 2025-10-30 01:34:07.148265+00:00 - Systems continue in background
🛑 Market CLOSED at 2025-10-30 01:34:37.211581+00:00 - Systems continue in background
🛑 Market CLOSED at 2025-10-30 01:35:07.294471+00:00 - Systems continue in background
🛑 Market CLOSED at 2025-10-30 01:35:37.356697+00:00 - Systems continue in background
🛑 Market CLOSED at 2025-10-30 01:36:07.418491+00:00 - Systems continue in background
🛑 Market CLOSED at 2025-10-30 01:36:37.478900+00:00 - Systems continue in background
🛑 Market CLOSED at 2025-10-30 01:37:07.551751+00:00 - Systems continue in background
🛑 Market CLOSED at 2025-10-30 01:37:37.609282+00:00 - Systems continue in background
🛑 Market CLOSED at 2025-10-30 01:38:07.680174+00:00 - Systems continue in background
🛑 Market CLOSED at 2025-10-30 01:38:37.739847+00:00 - Systems continue in background
🛑 Market CLOSED at 2025-10-30 01:39:07.801432+00:00 - Systems continue in background
🛑 Market CLOSED at 2025-10-30 01:39:37.862557+00:00 - Systems continue in background
🛑 Market CLOSED at 2025-10-30 01:40:07.928000+00:00 - Systems continue in background
🛑 Market CLOSED at 2025-10-30 01:40:37.993474+00:00 - Systems continue in background
🛑 Market CLOSED at 2025-10-30 01:41:08.060287+00:00 - Systems continue in background
🛑 Market CLOSED at 2025-10-30 01:41:38.142295+00:00 - Systems continue in background
🛑 Market CLOSED at 2025-10-30 01:42:08.213276+00:00 - Systems continue in background
🛑 Market CLOSED at 2025-10-30 01:42:38.266082+00:00 - Systems continue in background
🛑 Market CLOSED at 2025-10-30 01:43:08.331319+00:00 - Systems continue in background
🛑 Market CLOSED at 2025-10-30 01:43:38.398912+00:00 - Systems continue in background
🛑 Market CLOSED at 2025-10-30 01:44:08.467172+00:00 - Systems continue in background
🛑 Market CLOSED at 2025-10-30 01:44:38.543625+00:00 - Systems continue in background
🛑 Market CLOSED at 2025-10-30 01:45:08.606183+00:00 - Systems continue in background
🛑 Market CLOSED at 2025-10-30 01:45:38.661920+00:00 - Systems continue in background
🛑 Market CLOSED at 2025-10-30 01:46:08.724704+00:00 - Systems continue in background
🛑 Market CLOSED at 2025-10-30 01:46:38.784520+00:00 - Systems continue in background
🛑 Market CLOSED at 2025-10-30 01:47:08.851794+00:00 - Systems continue in background
🛑 Market CLOSED at 2025-10-30 01:47:39.107229+00:00 - Systems continue in background
🛑 Market CLOSED at 2025-10-30 01:48:09.164870+00:00 - Systems continue in background
🛑 Market CLOSED at 2025-10-30 01:48:39.248525+00:00 - Systems continue in background
🛑 Market CLOSED at 2025-10-30 01:49:09.310583+00:00 - Systems continue in background
🛑 Market CLOSED at 2025-10-30 01:49:39.373642+00:00 - Systems continue in background
🛑 Market CLOSED at 2025-10-30 01:50:09.439622+00:00 - Systems continue in background
🛑 Market CLOSED at 2025-10-30 01:50:39.515551+00:00 - Systems continue in background
🛑 Market CLOSED at 2025-10-30 01:51:09.606371+00:00 - Systems continue in background
🛑 Market CLOSED at 2025-10-30 01:51:39.666186+00:00 - Systems continue in background
🛑 Market CLOSED at 2025-10-30 01:52:09.714723+00:00 - Systems continue in background
🛑 Market CLOSED at 2025-10-30 01:52:39.778972+00:00 - Systems continue in background
🛑 Market CLOSED at 2025-10-30 01:53:09.846136+00:00 - Systems continue in background
🛑 Market CLOSED at 2025-10-30 01:53:39.914913+00:00 - Systems continue in background
🛑 Market CLOSED at 2025-10-30 01:54:09.975503+00:00 - Systems continue in background
🛑 Market CLOSED at 2025-10-30 01:54:40.040376+00:00 - Systems continue in background
🛑 Market CLOSED at 2025-10-30 01:55:10.100920+00:00 - Systems continue in background
🛑 Market CLOSED at 2025-10-30 01:55:40.158974+00:00 - Systems continue in background
🛑 Market CLOSED at 2025-10-30 01:56:10.222318+00:00 - Systems continue in background
🛑 Market CLOSED at 2025-10-30 01:56:40.287027+00:00 - Systems continue in background
🛑 Market CLOSED at 2025-10-30 01:57:10.354171+00:00 - Systems continue in background
🛑 Market CLOSED at 2025-10-30 01:57:40.427273+00:00 - Systems continue in background
🛑 Market CLOSED at 2025-10-30 01:58:10.483671+00:00 - Systems continue in background
🛑 Market CLOSED at 2025-10-30 01:58:40.543466+00:00 - Systems continue in background
🛑 Market CLOSED at 2025-10-30 01:59:10.636995+00:00 - Systems continue in background
🛑 Market CLOSED at 2025-10-30 01:59:40.690092+00:00 - Systems continue in background
🛑 Market CLOSED at 2025-10-30 02:00:10.746558+00:00 - Systems continue in background
🛑 Market CLOSED at 2025-10-30 02:00:40.799776+00:00 - Systems continue in background
🛑 Market CLOSED at 2025-10-30 02:01:10.854899+00:00 - Systems continue in background
🛑 Market CLOSED at 2025-10-30 02:01:40.914485+00:00 - Systems continue in background
🛑 Market CLOSED at 2025-10-30 02:02:10.974288+00:00 - Systems continue in background
🛑 Market CLOSED at 2025-10-30 02:02:41.036854+00:00 - Systems continue in background
🛑 Market CLOSED at 2025-10-30 02:03:11.121371+00:00 - Systems continue in background
🛑 Market CLOSED at 2025-10-30 02:03:41.215456+00:00 - Systems continue in background
🛑 Market CLOSED at 2025-10-30 02:04:11.272243+00:00 - Systems continue in background
🛑 Market CLOSED at 2025-10-30 02:04:41.337689+00:00 - Systems continue in background
🛑 Market CLOSED at 2025-10-30 02:05:11.408409+00:00 - Systems continue in background
🛑 Market CLOSED at 2025-10-30 02:05:41.495254+00:00 - Systems continue in background
🛑 Market CLOSED at 2025-10-30 02:06:11.595968+00:00 - Systems continue in background
🛑 Market CLOSED at 2025-10-30 02:06:41.666027+00:00 - Systems continue in background
🛑 Market CLOSED at 2025-10-30 02:07:11.738298+00:00 - Systems continue in background
🛑 Market CLOSED at 2025-10-30 02:07:41.811483+00:00 - Systems continue in background
🛑 Market CLOSED at 2025-10-30 02:08:11.900699+00:00 - Systems continue in background
🛑 Market CLOSED at 2025-10-30 02:08:41.973984+00:00 - Systems continue in background
🛑 Market CLOSED at 2025-10-30 02:09:12.057590+00:00 - Systems continue in background
🛑 Market CLOSED at 2025-10-30 02:09:42.126370+00:00 - Systems continue in background
🛑 Market CLOSED at 2025-10-30 02:10:12.201167+00:00 - Systems continue in background
🛑 Market CLOSED at 2025-10-30 02:10:42.278341+00:00 - Systems continue in background
🛑 Market CLOSED at 2025-10-30 02:11:12.337170+00:00 - Systems continue in background
🛑 Market CLOSED at 2025-10-30 02:11:42.424079+00:00 - Systems continue in background
🛑 Market CLOSED at 2025-10-30 02:12:12.500431+00:00 - Systems continue in background
🛑 Market CLOSED at 2025-10-30 02:12:42.582753+00:00 - Systems continue in background
🛑 Market CLOSED at 2025-10-30 02:13:12.649169+00:00 - Systems continue in background
🛑 Market CLOSED at 2025-10-30 02:13:42.886350+00:00 - Systems continue in background
🛑 Market CLOSED at 2025-10-30 02:14:12.956622+00:00 - Systems continue in background
🛑 Market CLOSED at 2025-10-30 02:14:43.034234+00:00 - Systems continue in background
🛑 Market CLOSED at 2025-10-30 02:15:13.113148+00:00 - Systems continue in background
🛑 Market CLOSED at 2025-10-30 02:15:43.185453+00:00 - Systems continue in background
🛑 Market CLOSED at 2025-10-30 02:16:13.272514+00:00 - Systems continue in background
🛑 Market CLOSED at 2025-10-30 02:16:43.359933+00:00 - Systems continue in background
🛑 Market CLOSED at 2025-10-30 02:17:13.451296+00:00 - Systems continue in background
🛑 Market CLOSED at 2025-10-30 02:17:43.554153+00:00 - Systems continue in background
🛑 Market CLOSED at 2025-10-30 02:18:13.627620+00:00 - Systems continue in background
🛑 Market CLOSED at 2025-10-30 02:18:43.693067+00:00 - Systems continue in background
🛑 Market CLOSED at 2025-10-30 02:19:13.754221+00:00 - Systems continue in background
🛑 Market CLOSED at 2025-10-30 02:19:43.872384+00:00 - Systems continue in background
🛑 Market CLOSED at 2025-10-30 02:20:13.932690+00:00 - Systems continue in background
🛑 Market CLOSED at 2025-10-30 02:20:44.004784+00:00 - Systems continue in background
🛑 Market CLOSED at 2025-10-30 02:21:14.089253+00:00 - Systems continue in background
🛑 Market CLOSED at 2025-10-30 02:21:44.190008+00:00 - Systems continue in background
🛑 Market CLOSED at 2025-10-30 02:22:14.256698+00:00 - Systems continue in background
🛑 Market CLOSED at 2025-10-30 02:22:44.326215+00:00 - Systems continue in background
🛑 Market CLOSED at 2025-10-30 02:23:14.393020+00:00 - Systems continue in background
🛑 Market CLOSED at 2025-10-30 02:23:44.464885+00:00 - Systems continue in background
🛑 Market CLOSED at 2025-10-30 02:24:14.580642+00:00 - Systems continue in background
🛑 Market CLOSED at 2025-10-30 02:24:44.653042+00:00 - Systems continue in background
🛑 Market CLOSED at 2025-10-30 02:25:14.747552+00:00 - Systems continue in background
🛑 Market CLOSED at 2025-10-30 02:25:44.822285+00:00 - Systems continue in background
🛑 Market CLOSED at 2025-10-30 02:26:14.875440+00:00 - Systems continue in background
🛑 Market CLOSED at 2025-10-30 02:26:44.956543+00:00 - Systems continue in background
🛑 Market CLOSED at 2025-10-30 02:27:15.032093+00:00 - Systems continue in background
🛑 Market CLOSED at 2025-10-30 02:27:45.114406+00:00 - Systems continue in background
🛑 Market CLOSED at 2025-10-30 02:28:15.172930+00:00 - Systems continue in background
🛑 Market CLOSED at 2025-10-30 02:28:45.229741+00:00 - Systems continue in background
🛑 Market CLOSED at 2025-10-30 02:29:15.309032+00:00 - Systems continue in background
🛑 Market CLOSED at 2025-10-30 02:29:45.362771+00:00 - Systems continue in background
🛑 Market CLOSED at 2025-10-30 02:30:15.442971+00:00 - Systems continue in background
🛑 Market CLOSED at 2025-10-30 02:30:45.503371+00:00 - Systems continue in background
🛑 Market CLOSED at 2025-10-30 02:31:15.499624+00:00 - Systems continue in background
🛑 Market CLOSED at 2025-10-30 02:31:45.569829+00:00 - Systems continue in background
🛑 Market CLOSED at 2025-10-30 02:32:15.639074+00:00 - Systems continue in background
🛑 Market CLOSED at 2025-10-30 02:32:45.709219+00:00 - Systems continue in background
🛑 Market CLOSED at 2025-10-30 02:33:15.785271+00:00 - Systems continue in background
🛑 Market CLOSED at 2025-10-30 02:33:45.856666+00:00 - Systems continue in background
🛑 Market CLOSED at 2025-10-30 02:34:15.937207+00:00 - Systems continue in background
🛑 Market CLOSED at 2025-10-30 02:34:46.001802+00:00 - Systems continue in background
🛑 Market CLOSED at 2025-10-30 02:35:16.066806+00:00 - Systems continue in background
🛑 Market CLOSED at 2025-10-30 02:35:46.143744+00:00 - Systems continue in background
🛑 Market CLOSED at 2025-10-30 02:36:16.212908+00:00 - Systems continue in background
🛑 Market CLOSED at 2025-10-30 02:36:46.268716+00:00 - Systems continue in background
🛑 Market CLOSED at 2025-10-30 02:37:16.337781+00:00 - Systems continue in background
🛑 Market CLOSED at 2025-10-30 02:37:46.396321+00:00 - Systems continue in background
🛑 Market CLOSED at 2025-10-30 02:38:16.473451+00:00 - Systems continue in background
🛑 Market CLOSED at 2025-10-30 02:38:46.579600+00:00 - Systems continue in background
🛑 Market CLOSED at 2025-10-30 02:39:16.651249+00:00 - Systems continue in background
🛑 Market CLOSED at 2025-10-30 02:39:46.713979+00:00 - Systems continue in background
🛑 Market CLOSED at 2025-10-30 02:40:16.776528+00:00 - Systems continue in background
🛑 Market CLOSED at 2025-10-30 02:40:46.835810+00:00 - Systems continue in background
🛑 Market CLOSED at 2025-10-30 02:41:16.903916+00:00 - Systems continue in background
🛑 Market CLOSED at 2025-10-30 02:41:46.964319+00:00 - Systems continue in background
🛑 Market CLOSED at 2025-10-30 02:42:17.033956+00:00 - Systems continue in background
🛑 Market CLOSED at 2025-10-30 02:42:47.103429+00:00 - Systems continue in background
🛑 Market CLOSED at 2025-10-30 02:43:17.177140+00:00 - Systems continue in background
🛑 Market CLOSED at 2025-10-30 02:43:47.234593+00:00 - Systems continue in background
🛑 Market CLOSED at 2025-10-30 02:44:17.291021+00:00 - Systems continue in background
🛑 Market CLOSED at 2025-10-30 02:44:47.352946+00:00 - Systems continue in background
🛑 Market CLOSED at 2025-10-30 02:45:17.412451+00:00 - Systems continue in background
🛑 Market CLOSED at 2025-10-30 02:45:47.488245+00:00 - Systems continue in background
🛑 Market CLOSED at 2025-10-30 02:46:17.555343+00:00 - Systems continue in background
🛑 Market CLOSED at 2025-10-30 02:46:47.623201+00:00 - Systems continue in background
🛑 Market CLOSED at 2025-10-30 02:47:17.684751+00:00 - Systems continue in background
🛑 Market CLOSED at 2025-10-30 02:47:47.782616+00:00 - Systems continue in background
🛑 Market CLOSED at 2025-10-30 02:48:18.082873+00:00 - Systems continue in background
🛑 Market CLOSED at 2025-10-30 02:48:48.141710+00:00 - Systems continue in background
🛑 Market CLOSED at 2025-10-30 02:49:18.312780+00:00 - Systems continue in background
🛑 Market CLOSED at 2025-10-30 02:49:48.397353+00:00 - Systems continue in background
🛑 Market CLOSED at 2025-10-30 02:50:18.480924+00:00 - Systems continue in background
🛑 Market CLOSED at 2025-10-30 02:50:48.558191+00:00 - Systems continue in background
🛑 Market CLOSED at 2025-10-30 02:51:18.617544+00:00 - Systems continue in background
🛑 Market CLOSED at 2025-10-30 02:51:48.687793+00:00 - Systems continue in background
🛑 Market CLOSED at 2025-10-30 02:52:18.762765+00:00 - Systems continue in background
🛑 Market CLOSED at 2025-10-30 02:52:48.833996+00:00 - Systems continue in background
🛑 Market CLOSED at 2025-10-30 02:53:18.910278+00:00 - Systems continue in background
🛑 Market CLOSED at 2025-10-30 02:53:48.978227+00:00 - Systems continue in background
🛑 Market CLOSED at 2025-10-30 02:54:19.081324+00:00 - Systems continue in background
🛑 Market CLOSED at 2025-10-30 02:54:49.667055+00:00 - Systems continue in background
🛑 Market CLOSED at 2025-10-30 02:55:19.819485+00:00 - Systems continue in background
🛑 Market CLOSED at 2025-10-30 02:55:49.890669+00:00 - Systems continue in background
🛑 Market CLOSED at 2025-10-30 02:56:20.121150+00:00 - Systems continue in background
🛑 Market CLOSED at 2025-10-30 02:56:50.193606+00:00 - Systems continue in background
🛑 Market CLOSED at 2025-10-30 02:57:58.811301+00:00 - Systems continue in background
🛑 Market CLOSED at 2025-10-30 02:58:28.883397+00:00 - Systems continue in background
🛑 Market CLOSED at 2025-10-30 02:58:58.957002+00:00 - Systems continue in background
🛑 Market CLOSED at 2025-10-30 02:59:29.017930+00:00 - Systems continue in background
🛑 Market CLOSED at 2025-10-30 02:59:59.077185+00:00 - Systems continue in background
🛑 Market CLOSED at 2025-10-30 03:00:29.163203+00:00 - Systems continue in background
🛑 Market CLOSED at 2025-10-30 03:00:59.286076+00:00 - Systems continue in background
🛑 Market CLOSED at 2025-10-30 03:01:29.353626+00:00 - Systems continue in background
🛑 Market CLOSED at 2025-10-30 03:01:59.437893+00:00 - Systems continue in background
🛑 Market CLOSED at 2025-10-30 03:02:29.506237+00:00 - Systems continue in background
🛑 Market CLOSED at 2025-10-30 03:02:59.754427+00:00 - Systems continue in background
🛑 Market CLOSED at 2025-10-30 03:03:29.821520+00:00 - Systems continue in background
🛑 Market CLOSED at 2025-10-30 03:03:59.879446+00:00 - Systems continue in background
🛑 Market CLOSED at 2025-10-30 03:04:29.943351+00:00 - Systems continue in background
🛑 Market CLOSED at 2025-10-30 03:05:00.015544+00:00 - Systems continue in background
🛑 Market CLOSED at 2025-10-30 03:05:30.081629+00:00 - Systems continue in background
🛑 Market CLOSED at 2025-10-30 03:06:00.147237+00:00 - Systems continue in background
🛑 Market CLOSED at 2025-10-30 03:06:30.202987+00:00 - Systems continue in background
🛑 Market CLOSED at 2025-10-30 03:07:00.278869+00:00 - Systems continue in background
🛑 Market CLOSED at 2025-10-30 03:07:30.581437+00:00 - Systems continue in background
🛑 Market CLOSED at 2025-10-30 03:08:00.641137+00:00 - Systems continue in background
🛑 Market CLOSED at 2025-10-30 03:08:30.715619+00:00 - Systems continue in background
🛑 Market CLOSED at 2025-10-30 03:09:00.772800+00:00 - Systems continue in background
🛑 Market CLOSED at 2025-10-30 03:09:30.845288+00:00 - Systems continue in background
🛑 Market CLOSED at 2025-10-30 03:10:00.907761+00:00 - Systems continue in background
🛑 Market CLOSED at 2025-10-30 03:10:30.964805+00:00 - Systems continue in background
🛑 Market CLOSED at 2025-10-30 03:11:01.043686+00:00 - Systems continue in background
🛑 Market CLOSED at 2025-10-30 03:11:31.121005+00:00 - Systems continue in background
🛑 Market CLOSED at 2025-10-30 03:12:01.187707+00:00 - Systems continue in background
🛑 Market CLOSED at 2025-10-30 03:12:31.252290+00:00 - Systems continue in background
🛑 Market CLOSED at 2025-10-30 03:13:01.324971+00:00 - Systems continue in background
🛑 Market CLOSED at 2025-10-30 03:13:31.385800+00:00 - Systems continue in background
🛑 Market CLOSED at 2025-10-30 03:14:01.463927+00:00 - Systems continue in background
🛑 Market CLOSED at 2025-10-30 03:14:31.517200+00:00 - Systems continue in background
🛑 Market CLOSED at 2025-10-30 03:15:01.568534+00:00 - Systems continue in background
🛑 Market CLOSED at 2025-10-30 03:15:31.640073+00:00 - Systems continue in background
🛑 Market CLOSED at 2025-10-30 03:16:01.703990+00:00 - Systems continue in background
🛑 Market CLOSED at 2025-10-30 03:16:31.772227+00:00 - Systems continue in background
🛑 Market CLOSED at 2025-10-30 03:17:01.837107+00:00 - Systems continue in background
🛑 Market CLOSED at 2025-10-30 03:17:31.902278+00:00 - Systems continue in background
🛑 Market CLOSED at 2025-10-30 03:18:01.968475+00:00 - Systems continue in background
🛑 Market CLOSED at 2025-10-30 03:18:32.037121+00:00 - Systems continue in background
🛑 Market CLOSED at 2025-10-30 03:19:02.125138+00:00 - Systems continue in background
🛑 Market CLOSED at 2025-10-30 03:19:32.226228+00:00 - Systems continue in background
🛑 Market CLOSED at 2025-10-30 03:20:02.293139+00:00 - Systems continue in background
🛑 Market CLOSED at 2025-10-30 03:20:32.365690+00:00 - Systems continue in background
🛑 Market CLOSED at 2025-10-30 03:21:02.431307+00:00 - Systems continue in background
🛑 Market CLOSED at 2025-10-30 03:21:32.545841+00:00 - Systems continue in background
🛑 Market CLOSED at 2025-10-30 03:22:02.606937+00:00 - Systems continue in background
🛑 Market CLOSED at 2025-10-30 03:22:32.666495+00:00 - Systems continue in background
🛑 Market CLOSED at 2025-10-30 03:23:02.719497+00:00 - Systems continue in background
🛑 Market CLOSED at 2025-10-30 03:23:32.775599+00:00 - Systems continue in background
🛑 Market CLOSED at 2025-10-30 03:24:02.832053+00:00 - Systems continue in background
🛑 Market CLOSED at 2025-10-30 03:24:32.924568+00:00 - Systems continue in background
🛑 Market CLOSED at 2025-10-30 03:25:03.010855+00:00 - Systems continue in background
🛑 Market CLOSED at 2025-10-30 03:25:33.087566+00:00 - Systems continue in background
🛑 Market CLOSED at 2025-10-30 03:26:03.142093+00:00 - Systems continue in background
🛑 Market CLOSED at 2025-10-30 03:26:33.204680+00:00 - Systems continue in background
🛑 Market CLOSED at 2025-10-30 03:27:03.303424+00:00 - Systems continue in background
🛑 Market CLOSED at 2025-10-30 03:27:33.370703+00:00 - Systems continue in background
🛑 Market CLOSED at 2025-10-30 03:28:03.432492+00:00 - Systems continue in background
🛑 Market CLOSED at 2025-10-30 03:28:33.488186+00:00 - Systems continue in background
🛑 Market CLOSED at 2025-10-30 03:29:03.541859+00:00 - Systems continue in background
🛑 Market CLOSED at 2025-10-30 03:29:33.599409+00:00 - Systems continue in background
🛑 Market CLOSED at 2025-10-30 03:30:03.655642+00:00 - Systems continue in background
🛑 Market CLOSED at 2025-10-30 03:30:33.715365+00:00 - Systems continue in background
🛑 Market CLOSED at 2025-10-30 03:31:03.800706+00:00 - Systems continue in background
🛑 Market CLOSED at 2025-10-30 03:31:33.866690+00:00 - Systems continue in background
🛑 Market CLOSED at 2025-10-30 03:32:03.934960+00:00 - Systems continue in background
🛑 Market CLOSED at 2025-10-30 03:32:33.995003+00:00 - Systems continue in background
🛑 Market CLOSED at 2025-10-30 03:33:04.064254+00:00 - Systems continue in background
🛑 Market CLOSED at 2025-10-30 03:33:34.123262+00:00 - Systems continue in background
🛑 Market CLOSED at 2025-10-30 03:34:04.210301+00:00 - Systems continue in background
🛑 Market CLOSED at 2025-10-30 03:34:34.279934+00:00 - Systems continue in background
🛑 Market CLOSED at 2025-10-30 03:35:04.342541+00:00 - Systems continue in background
🛑 Market CLOSED at 2025-10-30 03:35:34.414022+00:00 - Systems continue in background
🛑 Market CLOSED at 2025-10-30 03:36:04.467021+00:00 - Systems continue in background
🛑 Market CLOSED at 2025-10-30 03:36:34.517543+00:00 - Systems continue in background
🛑 Market CLOSED at 2025-10-30 03:37:04.554415+00:00 - Systems continue in background
🛑 Market CLOSED at 2025-10-30 03:37:34.608084+00:00 - Systems continue in background
🛑 Market CLOSED at 2025-10-30 03:38:04.682086+00:00 - Systems continue in background
🛑 Market CLOSED at 2025-10-30 03:38:34.779875+00:00 - Systems continue in background
🛑 Market CLOSED at 2025-10-30 03:39:04.841010+00:00 - Systems continue in background
🛑 Market CLOSED at 2025-10-30 03:39:34.897620+00:00 - Systems continue in background
🛑 Market CLOSED at 2025-10-30 03:40:04.958381+00:00 - Systems continue in background
🛑 Market CLOSED at 2025-10-30 03:40:35.017345+00:00 - Systems continue in background
🛑 Market CLOSED at 2025-10-30 03:41:05.083631+00:00 - Systems continue in background
🛑 Market CLOSED at 2025-10-30 03:41:35.151738+00:00 - Systems continue in background
🛑 Market CLOSED at 2025-10-30 03:42:05.209334+00:00 - Systems continue in background
🛑 Market CLOSED at 2025-10-30 03:42:35.275408+00:00 - Systems continue in background
🛑 Market CLOSED at 2025-10-30 03:43:05.352131+00:00 - Systems continue in background
🛑 Market CLOSED at 2025-10-30 03:43:35.420326+00:00 - Systems continue in background
🛑 Market CLOSED at 2025-10-30 03:44:05.474662+00:00 - Systems continue in background
🛑 Market CLOSED at 2025-10-30 03:44:35.528017+00:00 - Systems continue in background
🛑 Market CLOSED at 2025-10-30 03:45:05.587980+00:00 - Systems continue in background
🛑 Market CLOSED at 2025-10-30 03:45:35.645061+00:00 - Systems continue in background
🛑 Market CLOSED at 2025-10-30 03:46:05.697623+00:00 - Systems continue in background
🛑 Market CLOSED at 2025-10-30 03:46:35.767909+00:00 - Systems continue in background
🛑 Market CLOSED at 2025-10-30 03:47:05.843281+00:00 - Systems continue in background
🛑 Market CLOSED at 2025-10-30 03:47:35.911642+00:00 - Systems continue in background
🛑 Market CLOSED at 2025-10-30 03:48:05.988168+00:00 - Systems continue in background
🛑 Market CLOSED at 2025-10-30 03:48:36.078733+00:00 - Systems continue in background
🛑 Market CLOSED at 2025-10-30 03:49:06.350768+00:00 - Systems continue in background
🛑 Market CLOSED at 2025-10-30 03:49:36.435990+00:00 - Systems continue in background
🛑 Market CLOSED at 2025-10-30 03:50:06.506265+00:00 - Systems continue in background
🛑 Market CLOSED at 2025-10-30 03:50:36.574300+00:00 - Systems continue in background
🛑 Market CLOSED at 2025-10-30 03:51:06.811731+00:00 - Systems continue in background
🛑 Market CLOSED at 2025-10-30 03:51:36.897569+00:00 - Systems continue in background
🛑 Market CLOSED at 2025-10-30 03:52:06.973368+00:00 - Systems continue in background
🛑 Market CLOSED at 2025-10-30 03:52:37.044855+00:00 - Systems continue in background
🛑 Market CLOSED at 2025-10-30 03:53:07.109263+00:00 - Systems continue in background
🛑 Market CLOSED at 2025-10-30 03:53:37.185042+00:00 - Systems continue in background
🛑 Market CLOSED at 2025-10-30 03:54:07.243704+00:00 - Systems continue in background
🛑 Market CLOSED at 2025-10-30 03:54:37.360666+00:00 - Systems continue in background
🛑 Market CLOSED at 2025-10-30 03:55:07.416092+00:00 - Systems continue in background
🛑 Market CLOSED at 2025-10-30 03:55:37.473203+00:00 - Systems continue in background
🛑 Market CLOSED at 2025-10-30 03:56:07.538388+00:00 - Systems continue in background
🛑 Market CLOSED at 2025-10-30 03:56:37.607221+00:00 - Systems continue in background
🛑 Market CLOSED at 2025-10-30 03:57:07.665848+00:00 - Systems continue in background
🛑 Market CLOSED at 2025-10-30 03:57:37.742574+00:00 - Systems continue in background
🛑 Market CLOSED at 2025-10-30 03:58:07.821649+00:00 - Systems continue in background
🛑 Market CLOSED at 2025-10-30 03:58:38.044540+00:00 - Systems continue in background
🛑 Market CLOSED at 2025-10-30 03:59:08.104158+00:00 - Systems continue in background
🛑 Market CLOSED at 2025-10-30 03:59:38.160810+00:00 - Systems continue in background
🛑 Market CLOSED at 2025-10-30 04:00:08.220573+00:00 - Systems continue in background
🛑 Market CLOSED at 2025-10-30 04:00:38.279202+00:00 - Systems continue in background
🛑 Market CLOSED at 2025-10-30 04:01:08.341806+00:00 - Systems continue in background
🛑 Market CLOSED at 2025-10-30 04:01:38.400731+00:00 - Systems continue in background
🛑 Market CLOSED at 2025-10-30 04:02:08.460027+00:00 - Systems continue in background
🛑 Market CLOSED at 2025-10-30 04:02:38.524536+00:00 - Systems continue in background
🛑 Market CLOSED at 2025-10-30 04:03:08.594229+00:00 - Systems continue in background
🛑 Market CLOSED at 2025-10-30 04:03:38.653105+00:00 - Systems continue in background
🛑 Market CLOSED at 2025-10-30 04:04:08.707691+00:00 - Systems continue in background
🛑 Market CLOSED at 2025-10-30 04:04:38.774856+00:00 - Systems continue in background
🛑 Market CLOSED at 2025-10-30 04:05:08.844761+00:00 - Systems continue in background
🛑 Market CLOSED at 2025-10-30 04:05:38.895768+00:00 - Systems continue in background
🛑 Market CLOSED at 2025-10-30 04:06:08.952596+00:00 - Systems continue in background
🛑 Market CLOSED at 2025-10-30 04:06:39.021137+00:00 - Systems continue in background
🛑 Market CLOSED at 2025-10-30 04:07:09.086965+00:00 - Systems continue in background
🛑 Market CLOSED at 2025-10-30 04:07:39.147055+00:00 - Systems continue in background
🛑 Market CLOSED at 2025-10-30 04:08:09.228008+00:00 - Systems continue in background
🛑 Market CLOSED at 2025-10-30 04:08:39.301784+00:00 - Systems continue in background
🛑 Market CLOSED at 2025-10-30 04:09:09.362949+00:00 - Systems continue in background
🛑 Market CLOSED at 2025-10-30 04:09:39.428121+00:00 - Systems continue in background
🛑 Market CLOSED at 2025-10-30 04:10:09.476951+00:00 - Systems continue in background
🛑 Market CLOSED at 2025-10-30 04:10:39.533849+00:00 - Systems continue in background
🛑 Market CLOSED at 2025-10-30 04:11:09.588991+00:00 - Systems continue in background
🛑 Market CLOSED at 2025-10-30 04:11:39.644246+00:00 - Systems continue in background
🛑 Market CLOSED at 2025-10-30 04:12:09.715656+00:00 - Systems continue in background
🛑 Market CLOSED at 2025-10-30 04:12:39.784458+00:00 - Systems continue in background
🛑 Market CLOSED at 2025-10-30 04:13:09.976170+00:00 - Systems continue in background
🛑 Market CLOSED at 2025-10-30 04:13:40.055175+00:00 - Systems continue in background
🛑 Market CLOSED at 2025-10-30 04:14:10.128576+00:00 - Systems continue in background
🛑 Market CLOSED at 2025-10-30 04:14:40.185246+00:00 - Systems continue in background
🛑 Market CLOSED at 2025-10-30 04:15:10.246947+00:00 - Systems continue in background
🛑 Market CLOSED at 2025-10-30 04:15:40.306130+00:00 - Systems continue in background
🛑 Market CLOSED at 2025-10-30 04:16:10.397966+00:00 - Systems continue in background
🛑 Market CLOSED at 2025-10-30 04:16:40.458633+00:00 - Systems continue in background
🛑 Market CLOSED at 2025-10-30 04:17:10.519183+00:00 - Systems continue in background
🛑 Market CLOSED at 2025-10-30 04:17:40.575471+00:00 - Systems continue in background
🛑 Market CLOSED at 2025-10-30 04:18:10.636563+00:00 - Systems continue in background
🛑 Market CLOSED at 2025-10-30 04:18:40.710530+00:00 - Systems continue in background
🛑 Market CLOSED at 2025-10-30 04:19:10.767068+00:00 - Systems continue in background
🛑 Market CLOSED at 2025-10-30 04:19:40.824746+00:00 - Systems continue in background
🛑 Market CLOSED at 2025-10-30 04:20:10.887845+00:00 - Systems continue in background
🛑 Market CLOSED at 2025-10-30 04:20:40.948443+00:00 - Systems continue in background
🛑 Market CLOSED at 2025-10-30 04:21:11.000622+00:00 - Systems continue in background
🛑 Market CLOSED at 2025-10-30 04:21:41.069266+00:00 - Systems continue in background
🛑 Market CLOSED at 2025-10-30 04:22:11.127053+00:00 - Systems continue in background
🛑 Market CLOSED at 2025-10-30 04:22:41.180329+00:00 - Systems continue in background
🛑 Market CLOSED at 2025-10-30 04:23:11.243122+00:00 - Systems continue in background
🛑 Market CLOSED at 2025-10-30 04:23:41.307977+00:00 - Systems continue in background
🛑 Market CLOSED at 2025-10-30 04:24:11.371850+00:00 - Systems continue in background
🛑 Market CLOSED at 2025-10-30 04:24:41.425462+00:00 - Systems continue in background
🛑 Market CLOSED at 2025-10-30 04:25:11.502083+00:00 - Systems continue in background
🛑 Market CLOSED at 2025-10-30 04:25:41.567822+00:00 - Systems continue in background
🛑 Market CLOSED at 2025-10-30 04:26:11.648593+00:00 - Systems continue in background
🛑 Market CLOSED at 2025-10-30 04:26:41.706352+00:00 - Systems continue in background
🛑 Market CLOSED at 2025-10-30 04:27:11.773742+00:00 - Systems continue in background
🛑 Market CLOSED at 2025-10-30 04:27:41.834769+00:00 - Systems continue in background
🛑 Market CLOSED at 2025-10-30 04:28:11.895061+00:00 - Systems continue in background
🛑 Market CLOSED at 2025-10-30 04:28:41.965061+00:00 - Systems continue in background
🛑 Market CLOSED at 2025-10-30 04:29:12.039048+00:00 - Systems continue in background
🛑 Market CLOSED at 2025-10-30 04:29:42.103456+00:00 - Systems continue in background
🛑 Market CLOSED at 2025-10-30 04:30:12.161093+00:00 - Systems continue in background
🛑 Market CLOSED at 2025-10-30 04:30:42.228009+00:00 - Systems continue in background
🛑 Market CLOSED at 2025-10-30 04:31:12.290907+00:00 - Systems continue in background
🛑 Market CLOSED at 2025-10-30 04:31:42.366455+00:00 - Systems continue in background
🛑 Market CLOSED at 2025-10-30 04:32:12.424085+00:00 - Systems continue in background
🛑 Market CLOSED at 2025-10-30 04:32:42.520561+00:00 - Systems continue in background
🛑 Market CLOSED at 2025-10-30 04:33:12.593795+00:00 - Systems continue in background
🛑 Market CLOSED at 2025-10-30 04:33:42.657605+00:00 - Systems continue in background
🛑 Market CLOSED at 2025-10-30 04:34:12.720525+00:00 - Systems continue in background
🛑 Market CLOSED at 2025-10-30 04:34:42.790002+00:00 - Systems continue in background
🛑 Market CLOSED at 2025-10-30 04:35:12.875537+00:00 - Systems continue in background
🛑 Market CLOSED at 2025-10-30 04:35:42.991327+00:00 - Systems continue in background
🛑 Market CLOSED at 2025-10-30 04:36:13.107594+00:00 - Systems continue in background
🛑 Market CLOSED at 2025-10-30 04:36:43.210635+00:00 - Systems continue in background
🛑 Market CLOSED at 2025-10-30 04:37:13.275838+00:00 - Systems continue in background
🛑 Market CLOSED at 2025-10-30 04:37:43.344695+00:00 - Systems continue in background
🛑 Market CLOSED at 2025-10-30 04:38:13.475353+00:00 - Systems continue in background
🛑 Market CLOSED at 2025-10-30 04:38:43.576845+00:00 - Systems continue in background
🛑 Market CLOSED at 2025-10-30 04:39:13.645002+00:00 - Systems continue in background
🛑 Market CLOSED at 2025-10-30 04:39:43.711509+00:00 - Systems continue in background
🛑 Market CLOSED at 2025-10-30 04:40:13.770359+00:00 - Systems continue in background
🛑 Market CLOSED at 2025-10-30 04:40:43.855903+00:00 - Systems continue in background
🛑 Market CLOSED at 2025-10-30 04:41:13.936271+00:00 - Systems continue in background
🛑 Market CLOSED at 2025-10-30 04:41:44.012519+00:00 - Systems continue in background
🛑 Market CLOSED at 2025-10-30 04:42:14.079080+00:00 - Systems continue in background
🛑 Market CLOSED at 2025-10-30 04:42:44.137800+00:00 - Systems continue in background
🛑 Market CLOSED at 2025-10-30 04:43:14.196033+00:00 - Systems continue in background
🛑 Market CLOSED at 2025-10-30 04:43:44.249550+00:00 - Systems continue in background
🛑 Market CLOSED at 2025-10-30 04:44:14.323496+00:00 - Systems continue in background
🛑 Market CLOSED at 2025-10-30 04:44:44.395936+00:00 - Systems continue in background
🛑 Market CLOSED at 2025-10-30 04:45:14.466705+00:00 - Systems continue in background
🛑 Market CLOSED at 2025-10-30 04:45:44.531560+00:00 - Systems continue in background
🛑 Market CLOSED at 2025-10-30 04:46:14.608957+00:00 - Systems continue in background
🛑 Market CLOSED at 2025-10-30 04:46:44.677404+00:00 - Systems continue in background
🛑 Market CLOSED at 2025-10-30 04:47:14.755675+00:00 - Systems continue in background
🛑 Market CLOSED at 2025-10-30 04:47:44.826170+00:00 - Systems continue in background
🛑 Market CLOSED at 2025-10-30 04:48:14.882204+00:00 - Systems continue in background
🛑 Market CLOSED at 2025-10-30 04:48:44.960147+00:00 - Systems continue in background
🛑 Market CLOSED at 2025-10-30 04:49:15.040158+00:00 - Systems continue in background
🛑 Market CLOSED at 2025-10-30 04:49:45.348451+00:00 - Systems continue in background
🛑 Market CLOSED at 2025-10-30 04:50:15.402576+00:00 - Systems continue in background
🛑 Market CLOSED at 2025-10-30 04:50:45.481979+00:00 - Systems continue in background
🛑 Market CLOSED at 2025-10-30 04:51:15.549264+00:00 - Systems continue in background
🛑 Market CLOSED at 2025-10-30 04:51:45.617570+00:00 - Systems continue in background
🛑 Market CLOSED at 2025-10-30 04:52:15.694924+00:00 - Systems continue in background
🛑 Market CLOSED at 2025-10-30 04:52:45.757605+00:00 - Systems continue in background
🛑 Market CLOSED at 2025-10-30 04:53:15.814999+00:00 - Systems continue in background
🛑 Market CLOSED at 2025-10-30 04:53:45.867754+00:00 - Systems continue in background
🛑 Market CLOSED at 2025-10-30 04:54:15.926848+00:00 - Systems continue in background
🛑 Market CLOSED at 2025-10-30 04:54:45.981230+00:00 - Systems continue in background
🛑 Market CLOSED at 2025-10-30 04:55:16.051115+00:00 - Systems continue in background
🛑 Market CLOSED at 2025-10-30 04:55:46.107962+00:00 - Systems continue in background
🛑 Market CLOSED at 2025-10-30 04:56:16.181342+00:00 - Systems continue in background
🛑 Market CLOSED at 2025-10-30 04:56:46.272827+00:00 - Systems continue in background
🛑 Market CLOSED at 2025-10-30 04:57:16.335074+00:00 - Systems continue in background
🛑 Market CLOSED at 2025-10-30 04:57:46.402055+00:00 - Systems continue in background
🛑 Market CLOSED at 2025-10-30 04:58:16.462874+00:00 - Systems continue in background
🛑 Market CLOSED at 2025-10-30 04:58:46.521990+00:00 - Systems continue in background
🛑 Market CLOSED at 2025-10-30 04:59:16.587727+00:00 - Systems continue in background
🛑 Market CLOSED at 2025-10-30 04:59:46.649408+00:00 - Systems continue in background
🛑 Market CLOSED at 2025-10-30 05:00:16.735272+00:00 - Systems continue in background
🛑 Market CLOSED at 2025-10-30 05:00:46.791695+00:00 - Systems continue in background
🛑 Market CLOSED at 2025-10-30 05:01:16.863849+00:00 - Systems continue in background
🛑 Market CLOSED at 2025-10-30 05:01:46.919645+00:00 - Systems continue in background
🛑 Market CLOSED at 2025-10-30 05:02:17.009856+00:00 - Systems continue in background
🛑 Market CLOSED at 2025-10-30 05:02:47.087076+00:00 - Systems continue in background
🛑 Market CLOSED at 2025-10-30 05:03:17.145448+00:00 - Systems continue in background
🛑 Market CLOSED at 2025-10-30 05:03:47.267635+00:00 - Systems continue in background
🛑 Market CLOSED at 2025-10-30 05:04:17.360531+00:00 - Systems continue in background
🛑 Market CLOSED at 2025-10-30 05:04:47.427435+00:00 - Systems continue in background
🛑 Market CLOSED at 2025-10-30 05:05:17.489215+00:00 - Systems continue in background
🛑 Market CLOSED at 2025-10-30 05:05:47.549643+00:00 - Systems continue in background
🛑 Market CLOSED at 2025-10-30 05:06:17.612985+00:00 - Systems continue in background
🛑 Market CLOSED at 2025-10-30 05:06:47.690775+00:00 - Systems continue in background
🛑 Market CLOSED at 2025-10-30 05:07:17.755110+00:00 - Systems continue in background
🛑 Market CLOSED at 2025-10-30 05:07:47.805538+00:00 - Systems continue in background
🛑 Market CLOSED at 2025-10-30 05:08:17.863963+00:00 - Systems continue in background
🛑 Market CLOSED at 2025-10-30 05:08:47.920112+00:00 - Systems continue in background
🛑 Market CLOSED at 2025-10-30 05:09:17.973166+00:00 - Systems continue in background
🛑 Market CLOSED at 2025-10-30 05:09:48.031551+00:00 - Systems continue in background
🛑 Market CLOSED at 2025-10-30 05:10:18.092678+00:00 - Systems continue in background
🛑 Market CLOSED at 2025-10-30 05:10:48.145913+00:00 - Systems continue in background
🛑 Market CLOSED at 2025-10-30 05:11:18.200929+00:00 - Systems continue in background
🛑 Market CLOSED at 2025-10-30 05:11:48.258475+00:00 - Systems continue in background
🛑 Market CLOSED at 2025-10-30 05:12:18.312894+00:00 - Systems continue in background
🛑 Market CLOSED at 2025-10-30 05:12:48.372049+00:00 - Systems continue in background
🛑 Market CLOSED at 2025-10-30 05:13:18.428806+00:00 - Systems continue in background
🛑 Market CLOSED at 2025-10-30 05:13:48.594108+00:00 - Systems continue in background
🛑 Market CLOSED at 2025-10-30 05:14:18.652350+00:00 - Systems continue in background
🛑 Market CLOSED at 2025-10-30 05:14:48.721363+00:00 - Systems continue in background
🛑 Market CLOSED at 2025-10-30 05:15:18.785468+00:00 - Systems continue in background
🛑 Market CLOSED at 2025-10-30 05:15:48.865935+00:00 - Systems continue in background
🛑 Market CLOSED at 2025-10-30 05:16:18.923606+00:00 - Systems continue in background
🛑 Market CLOSED at 2025-10-30 05:16:48.994761+00:00 - Systems continue in background
🛑 Market CLOSED at 2025-10-30 05:17:19.057796+00:00 - Systems continue in background
🛑 Market CLOSED at 2025-10-30 05:17:49.113477+00:00 - Systems continue in background
🛑 Market CLOSED at 2025-10-30 05:18:19.178880+00:00 - Systems continue in background
🛑 Market CLOSED at 2025-10-30 05:18:49.230892+00:00 - Systems continue in background
🛑 Market CLOSED at 2025-10-30 05:19:19.290934+00:00 - Systems continue in background
🛑 Market CLOSED at 2025-10-30 05:19:49.359410+00:00 - Systems continue in background
🛑 Market CLOSED at 2025-10-30 05:20:19.417830+00:00 - Systems continue in background
🛑 Market CLOSED at 2025-10-30 05:20:49.488496+00:00 - Systems continue in background
🛑 Market CLOSED at 2025-10-30 05:21:19.551956+00:00 - Systems continue in background
🛑 Market CLOSED at 2025-10-30 05:21:49.670098+00:00 - Systems continue in background
🛑 Market CLOSED at 2025-10-30 05:22:19.723744+00:00 - Systems continue in background
🛑 Market CLOSED at 2025-10-30 05:22:49.781828+00:00 - Systems continue in background
🛑 Market CLOSED at 2025-10-30 05:23:19.866455+00:00 - Systems continue in background
🛑 Market CLOSED at 2025-10-30 05:23:49.924511+00:00 - Systems continue in background
🛑 Market CLOSED at 2025-10-30 05:24:19.995805+00:00 - Systems continue in background
🛑 Market CLOSED at 2025-10-30 05:24:50.048872+00:00 - Systems continue in background
🛑 Market CLOSED at 2025-10-30 05:25:20.120258+00:00 - Systems continue in background
🛑 Market CLOSED at 2025-10-30 05:25:50.194969+00:00 - Systems continue in background
🛑 Market CLOSED at 2025-10-30 05:26:20.259534+00:00 - Systems continue in background
🛑 Market CLOSED at 2025-10-30 05:26:50.318513+00:00 - Systems continue in background
🛑 Market CLOSED at 2025-10-30 05:27:20.404944+00:00 - Systems continue in background
🛑 Market CLOSED at 2025-10-30 05:27:50.463333+00:00 - Systems continue in background
🛑 Market CLOSED at 2025-10-30 05:28:20.525029+00:00 - Systems continue in background
🛑 Market CLOSED at 2025-10-30 05:28:50.584146+00:00 - Systems continue in background
🛑 Market CLOSED at 2025-10-30 05:29:20.754851+00:00 - Systems continue in background
🛑 Market CLOSED at 2025-10-30 05:29:50.822128+00:00 - Systems continue in background
🛑 Market CLOSED at 2025-10-30 05:30:20.876941+00:00 - Systems continue in background
🛑 Market CLOSED at 2025-10-30 05:30:51.095138+00:00 - Systems continue in background
🛑 Market CLOSED at 2025-10-30 05:31:21.156188+00:00 - Systems continue in background
🛑 Market CLOSED at 2025-10-30 05:31:51.214375+00:00 - Systems continue in background
🛑 Market CLOSED at 2025-10-30 05:32:21.302850+00:00 - Systems continue in background
🛑 Market CLOSED at 2025-10-30 05:32:51.378752+00:00 - Systems continue in background
🛑 Market CLOSED at 2025-10-30 05:33:21.453921+00:00 - Systems continue in background
🛑 Market CLOSED at 2025-10-30 05:33:51.512280+00:00 - Systems continue in background
🛑 Market CLOSED at 2025-10-30 05:34:21.568260+00:00 - Systems continue in background
🛑 Market CLOSED at 2025-10-30 05:34:51.628981+00:00 - Systems continue in background
🛑 Market CLOSED at 2025-10-30 05:35:21.684936+00:00 - Systems continue in background
🛑 Market CLOSED at 2025-10-30 05:35:51.741832+00:00 - Systems continue in background
🛑 Market CLOSED at 2025-10-30 05:36:21.796882+00:00 - Systems continue in background