Wed Oct 29 14:18:31 CDT 2025: 🚀 ARGO Monitoring Daemon started
Wed Oct 29 14:18:31 CDT 2025: ✅ System health check: All systems operational
Wed Oct 29 14:23:31 CDT 2025: ✅ System health check: All systems operational
Wed Oct 29 14:28:31 CDT 2025: ✅ System health check: All systems operational
Wed Oct 29 14:33:31 CDT 2025: ✅ System health check: All systems operational
Wed Oct 29 14:38:31 CDT 2025: ✅ System health check: All systems operational
Wed Oct 29 14:43:32 CDT 2025: ✅ System health check: All systems operational
Wed Oct 29 14:48:32 CDT 2025: ✅ System health check: All systems operational
Wed Oct 29 14:53:32 CDT 2025: ✅ System health check: All systems operational
Wed Oct 29 14:58:32 CDT 2025: ✅ System health check: All systems operational
Wed Oct 29 15:03:32 CDT 2025: ✅ System health check: All systems operational
Wed Oct 29 15:08:32 CDT 2025: ✅ System health check: All systems operational
Wed Oct 29 15:13:33 CDT 2025: ✅ System health check: All systems operational
Wed Oct 29 15:18:33 CDT 2025: ✅ System health check: All systems operational
Wed Oct 29 15:23:33 CDT 2025: ✅ System health check: All systems operational
Wed Oct 29 15:28:33 CDT 2025: ✅ System health check: All systems operational
Wed Oct 29 15:33:33 CDT 2025: ✅ System health check: All systems operational
Wed Oct 29 15:38:34 CDT 2025: ✅ System health check: All systems operational
Wed Oct 29 15:43:34 CDT 2025: ✅ System health check: All systems operational
Wed Oct 29 15:48:34 CDT 2025: ✅ System health check: All systems operational
Wed Oct 29 15:53:34 CDT 2025: ✅ System health check: All systems operational
Wed Oct 29 15:58:35 CDT 2025: ✅ System health check: All systems operational
Wed Oct 29 16:03:35 CDT 2025: ✅ System health check: All systems operational
Wed Oct 29 16:08:35 CDT 2025: ✅ System health check: All systems operational
Wed Oct 29 16:13:35 CDT 2025: ✅ System health check: All systems operational
Wed Oct 29 16:18:36 CDT 2025: ✅ System health check: All systems operational
Wed Oct 29 16:23:37 CDT 2025: ✅ System health check: All systems operational
Wed Oct 29 16:28:37 CDT 2025: ✅ System health check: All systems operational
Wed Oct 29 16:33:37 CDT 2025: ✅ System health check: All systems operational
Wed Oct 29 16:38:37 CDT 2025: ✅ System health check: All systems operational
Wed Oct 29 16:43:38 CDT 2025: ✅ System health check: All systems operational
Wed Oct 29 16:48:38 CDT 2025: ✅ System health check: All systems operational
Wed Oct 29 16:53:38 CDT 2025: ✅ System health check: All systems operational
Wed Oct 29 17:37:17 CDT 2025: ✅ System health check: All systems operational
Wed Oct 29 17:42:17 CDT 2025: ⚠️ ALERT: AutoScheduler not running
Wed Oct 29 17:42:17 CDT 2025: ⚠️ ALERT: Execution Engine not running
Wed Oct 29 17:42:17 CDT 2025: 🚨 CRITICAL: Redis cache down
Wed Oct 29 17:42:17 CDT 2025: ⚠️ RISK ALERT: Portfolio balance below $50,000: $0
Wed Oct 29 17:42:17 CDT 2025: ⚠️ System health check: 3 issues detected
Wed Oct 29 17:47:17 CDT 2025: ⚠️ ALERT: Execution Engine not running
Wed Oct 29 17:47:17 CDT 2025: ⚠️ System health check: 1 issues detected
Wed Oct 29 18:12:24 CDT 2025: ⚠️ ALERT: AutoScheduler not running
Wed Oct 29 18:12:24 CDT 2025: ⚠️ ALERT: Execution Engine not running
Wed Oct 29 18:12:24 CDT 2025: 🚨 CRITICAL: ClickHouse database down
Wed Oct 29 18:12:24 CDT 2025: ⚠️ System health check: 3 issues detected
Wed Oct 29 18:49:50 CDT 2025: ⚠️ ALERT: AutoScheduler not running
Wed Oct 29 18:49:50 CDT 2025: ⚠️ ALERT: Execution Engine not running
Wed Oct 29 18:49:50 CDT 2025: ⚠️ System health check: 2 issues detected
Wed Oct 29 18:54:50 CDT 2025: ⚠️ ALERT: Execution Engine not running
Wed Oct 29 18:54:50 CDT 2025: ⚠️ System health check: 1 issues detected
Wed Oct 29 18:59:50 CDT 2025: ⚠️ ALERT: Execution Engine not running
Wed Oct 29 18:59:50 CDT 2025: ⚠️ System health check: 1 issues detected
Wed Oct 29 19:04:51 CDT 2025: ⚠️ ALERT: Execution Engine not running
Wed Oct 29 19:04:51 CDT 2025: ⚠️ System health check: 1 issues detected
Wed Oct 29 19:09:51 CDT 2025: ⚠️ ALERT: Execution Engine not running
Wed Oct 29 19:09:51 CDT 2025: ⚠️ System health check: 1 issues detected
Wed Oct 29 19:14:51 CDT 2025: ⚠️ ALERT: Execution Engine not running
Wed Oct 29 19:14:51 CDT 2025: ⚠️ System health check: 1 issues detected
Wed Oct 29 19:19:51 CDT 2025: ⚠️ ALERT: Execution Engine not running
Wed Oct 29 19:19:51 CDT 2025: ⚠️ System health check: 1 issues detected
Wed Oct 29 19:24:51 CDT 2025: ⚠️ ALERT: Execution Engine not running
Wed Oct 29 19:24:51 CDT 2025: ⚠️ System health check: 1 issues detected
Wed Oct 29 19:29:51 CDT 2025: ⚠️ ALERT: Execution Engine not running
Wed Oct 29 19:29:51 CDT 2025: ⚠️ System health check: 1 issues detected
Wed Oct 29 19:34:51 CDT 2025: ⚠️ ALERT: Execution Engine not running
Wed Oct 29 19:34:51 CDT 2025: ⚠️ System health check: 1 issues detected
Wed Oct 29 19:39:51 CDT 2025: ⚠️ ALERT: Execution Engine not running
Wed Oct 29 19:39:51 CDT 2025: ⚠️ System health check: 1 issues detected
Wed Oct 29 19:44:52 CDT 2025: ⚠️ ALERT: Execution Engine not running
Wed Oct 29 19:44:52 CDT 2025: ⚠️ System health check: 1 issues detected
Wed Oct 29 19:49:52 CDT 2025: ⚠️ ALERT: Execution Engine not running
Wed Oct 29 19:49:52 CDT 2025: ⚠️ System health check: 1 issues detected
Wed Oct 29 19:54:52 CDT 2025: ⚠️ ALERT: Execution Engine not running
Wed Oct 29 19:54:52 CDT 2025: ⚠️ System health check: 1 issues detected
Wed Oct 29 19:59:52 CDT 2025: ⚠️ ALERT: Execution Engine not running
Wed Oct 29 19:59:52 CDT 2025: ⚠️ System health check: 1 issues detected
Wed Oct 29 20:04:52 CDT 2025: ⚠️ ALERT: Execution Engine not running
Wed Oct 29 20:04:52 CDT 2025: ⚠️ System health check: 1 issues detected
Wed Oct 29 20:09:52 CDT 2025: ⚠️ ALERT: Execution Engine not running
Wed Oct 29 20:09:52 CDT 2025: ⚠️ System health check: 1 issues detected
Wed Oct 29 20:14:52 CDT 2025: ⚠️ ALERT: Execution Engine not running
Wed Oct 29 20:14:52 CDT 2025: ⚠️ System health check: 1 issues detected
Wed Oct 29 20:19:52 CDT 2025: ⚠️ ALERT: Execution Engine not running
Wed Oct 29 20:19:52 CDT 2025: ⚠️ System health check: 1 issues detected
Wed Oct 29 20:24:53 CDT 2025: ⚠️ ALERT: Execution Engine not running
Wed Oct 29 20:24:53 CDT 2025: ⚠️ System health check: 1 issues detected
Wed Oct 29 20:29:53 CDT 2025: ⚠️ ALERT: Execution Engine not running
Wed Oct 29 20:29:53 CDT 2025: ⚠️ System health check: 1 issues detected
Wed Oct 29 20:34:53 CDT 2025: ⚠️ ALERT: Execution Engine not running
Wed Oct 29 20:34:53 CDT 2025: ⚠️ System health check: 1 issues detected
Wed Oct 29 20:39:53 CDT 2025: ⚠️ ALERT: Execution Engine not running
Wed Oct 29 20:39:53 CDT 2025: ⚠️ System health check: 1 issues detected
Wed Oct 29 20:44:53 CDT 2025: ⚠️ ALERT: Execution Engine not running
Wed Oct 29 20:44:53 CDT 2025: ⚠️ System health check: 1 issues detected
Wed Oct 29 20:49:53 CDT 2025: ⚠️ ALERT: Execution Engine not running
Wed Oct 29 20:49:53 CDT 2025: ⚠️ System health check: 1 issues detected
Wed Oct 29 20:54:53 CDT 2025: ⚠️ ALERT: Execution Engine not running
Wed Oct 29 20:54:53 CDT 2025: ⚠️ System health check: 1 issues detected
Wed Oct 29 20:59:53 CDT 2025: ⚠️ ALERT: Execution Engine not running
Wed Oct 29 20:59:54 CDT 2025: ⚠️ System health check: 1 issues detected
Wed Oct 29 21:04:54 CDT 2025: ⚠️ ALERT: Execution Engine not running
Wed Oct 29 21:04:54 CDT 2025: ⚠️ System health check: 1 issues detected
Wed Oct 29 21:09:54 CDT 2025: ⚠️ ALERT: Execution Engine not running
Wed Oct 29 21:09:54 CDT 2025: ⚠️ System health check: 1 issues detected
Wed Oct 29 21:14:54 CDT 2025: ⚠️ ALERT: Execution Engine not running
Wed Oct 29 21:14:54 CDT 2025: ⚠️ System health check: 1 issues detected
Wed Oct 29 21:19:54 CDT 2025: ⚠️ ALERT: Execution Engine not running
Wed Oct 29 21:19:54 CDT 2025: ⚠️ System health check: 1 issues detected
Wed Oct 29 21:24:54 CDT 2025: ⚠️ ALERT: Execution Engine not running
Wed Oct 29 21:24:55 CDT 2025: ⚠️ System health check: 1 issues detected
Wed Oct 29 21:29:55 CDT 2025: ⚠️ ALERT: Execution Engine not running
Wed Oct 29 21:29:55 CDT 2025: ⚠️ System health check: 1 issues detected
Wed Oct 29 21:34:55 CDT 2025: ⚠️ ALERT: Execution Engine not running
Wed Oct 29 21:34:55 CDT 2025: ⚠️ System health check: 1 issues detected
Wed Oct 29 21:39:55 CDT 2025: ⚠️ ALERT: Execution Engine not running
Wed Oct 29 21:39:55 CDT 2025: ⚠️ System health check: 1 issues detected
Wed Oct 29 21:44:55 CDT 2025: ⚠️ ALERT: Execution Engine not running
Wed Oct 29 21:44:55 CDT 2025: ⚠️ System health check: 1 issues detected
Wed Oct 29 21:49:55 CDT 2025: ⚠️ ALERT: Execution Engine not running
Wed Oct 29 21:49:55 CDT 2025: ⚠️ System health check: 1 issues detected
Wed Oct 29 21:54:56 CDT 2025: ⚠️ ALERT: Execution Engine not running
Wed Oct 29 21:54:56 CDT 2025: ⚠️ System health check: 1 issues detected
Wed Oct 29 22:00:34 CDT 2025: ⚠️ ALERT: Execution Engine not running
Wed Oct 29 22:00:34 CDT 2025: ⚠️ System health check: 1 issues detected
Wed Oct 29 22:05:35 CDT 2025: ⚠️ ALERT: Execution Engine not running
Wed Oct 29 22:05:35 CDT 2025: ⚠️ System health check: 1 issues detected
Wed Oct 29 22:10:35 CDT 2025: ⚠️ ALERT: Execution Engine not running
Wed Oct 29 22:10:35 CDT 2025: ⚠️ System health check: 1 issues detected
Wed Oct 29 22:15:35 CDT 2025: ⚠️ ALERT: Execution Engine not running
Wed Oct 29 22:15:35 CDT 2025: ⚠️ System health check: 1 issues detected
Wed Oct 29 22:20:35 CDT 2025: ⚠️ ALERT: Execution Engine not running
Wed Oct 29 22:20:35 CDT 2025: ⚠️ System health check: 1 issues detected
Wed Oct 29 22:25:35 CDT 2025: ⚠️ ALERT: Execution Engine not running
Wed Oct 29 22:25:36 CDT 2025: ⚠️ System health check: 1 issues detected
Wed Oct 29 22:30:36 CDT 2025: ⚠️ ALERT: Execution Engine not running
Wed Oct 29 22:30:36 CDT 2025: ⚠️ System health check: 1 issues detected
Wed Oct 29 22:35:36 CDT 2025: ⚠️ ALERT: Execution Engine not running
Wed Oct 29 22:35:36 CDT 2025: ⚠️ System health check: 1 issues detected
Wed Oct 29 22:40:36 CDT 2025: ⚠️ ALERT: Execution Engine not running
Wed Oct 29 22:40:36 CDT 2025: ⚠️ System health check: 1 issues detected
Wed Oct 29 22:45:36 CDT 2025: ⚠️ ALERT: Execution Engine not running
Wed Oct 29 22:45:36 CDT 2025: ⚠️ System health check: 1 issues detected
Wed Oct 29 22:50:36 CDT 2025: ⚠️ ALERT: Execution Engine not running
Wed Oct 29 22:50:36 CDT 2025: ⚠️ System health check: 1 issues detected
Wed Oct 29 22:55:36 CDT 2025: ⚠️ ALERT: Execution Engine not running
Wed Oct 29 22:55:37 CDT 2025: ⚠️ System health check: 1 issues detected
Wed Oct 29 23:00:37 CDT 2025: ⚠️ ALERT: Execution Engine not running
Wed Oct 29 23:00:37 CDT 2025: ⚠️ System health check: 1 issues detected
Wed Oct 29 23:05:37 CDT 2025: ⚠️ ALERT: Execution Engine not running
Wed Oct 29 23:05:37 CDT 2025: ⚠️ System health check: 1 issues detected
Wed Oct 29 23:10:37 CDT 2025: ⚠️ ALERT: Execution Engine not running
Wed Oct 29 23:10:37 CDT 2025: ⚠️ System health check: 1 issues detected
Wed Oct 29 23:15:37 CDT 2025: ⚠️ ALERT: Execution Engine not running
Wed Oct 29 23:15:37 CDT 2025: ⚠️ System health check: 1 issues detected
Wed Oct 29 23:20:37 CDT 2025: ⚠️ ALERT: Execution Engine not running
Wed Oct 29 23:20:37 CDT 2025: ⚠️ System health check: 1 issues detected
Wed Oct 29 23:25:37 CDT 2025: ⚠️ ALERT: Execution Engine not running
Wed Oct 29 23:25:37 CDT 2025: ⚠️ System health check: 1 issues detected
Wed Oct 29 23:30:38 CDT 2025: ⚠️ ALERT: Execution Engine not running
Wed Oct 29 23:30:38 CDT 2025: ⚠️ System health check: 1 issues detected
Wed Oct 29 23:35:38 CDT 2025: ⚠️ ALERT: Execution Engine not running
Wed Oct 29 23:35:38 CDT 2025: ⚠️ System health check: 1 issues detected
Wed Oct 29 23:40:38 CDT 2025: ⚠️ ALERT: Execution Engine not running
Wed Oct 29 23:40:38 CDT 2025: ⚠️ System health check: 1 issues detected
Wed Oct 29 23:45:38 CDT 2025: ⚠️ ALERT: Execution Engine not running
Wed Oct 29 23:45:38 CDT 2025: ⚠️ System health check: 1 issues detected
Wed Oct 29 23:50:38 CDT 2025: ⚠️ ALERT: Execution Engine not running
Wed Oct 29 23:50:38 CDT 2025: ⚠️ System health check: 1 issues detected
Wed Oct 29 23:55:39 CDT 2025: ⚠️ ALERT: Execution Engine not running
Wed Oct 29 23:55:39 CDT 2025: ⚠️ System health check: 1 issues detected
Thu Oct 30 00:00:39 CDT 2025: ⚠️ ALERT: Execution Engine not running
Thu Oct 30 00:00:39 CDT 2025: ⚠️ System health check: 1 issues detected
Thu Oct 30 00:05:39 CDT 2025: ⚠️ ALERT: Execution Engine not running
Thu Oct 30 00:05:39 CDT 2025: ⚠️ System health check: 1 issues detected
Thu Oct 30 00:10:39 CDT 2025: ⚠️ ALERT: Execution Engine not running
Thu Oct 30 00:10:39 CDT 2025: ⚠️ System health check: 1 issues detected
Thu Oct 30 00:15:39 CDT 2025: ⚠️ ALERT: Execution Engine not running
Thu Oct 30 00:15:40 CDT 2025: ⚠️ System health check: 1 issues detected
Thu Oct 30 00:20:40 CDT 2025: ⚠️ ALERT: Execution Engine not running
Thu Oct 30 00:20:40 CDT 2025: ⚠️ System health check: 1 issues detected
Thu Oct 30 00:25:40 CDT 2025: ⚠️ ALERT: Execution Engine not running
Thu Oct 30 00:25:40 CDT 2025: ⚠️ System health check: 1 issues detected
Thu Oct 30 00:30:40 CDT 2025: ⚠️ ALERT: Execution Engine not running
Thu Oct 30 00:30:40 CDT 2025: ⚠️ System health check: 1 issues detected
Thu Oct 30 00:35:40 CDT 2025: ⚠️ ALERT: Execution Engine not running
Thu Oct 30 00:35:41 CDT 2025: ⚠️ System health check: 1 issues detected
Thu Oct 30 00:40:41 CDT 2025: ⚠️ ALERT: Execution Engine not running
Thu Oct 30 00:40:41 CDT 2025: ⚠️ System health check: 1 issues detected
